
*** Running vivado
    with args -log lab1_ob_auto_pc_0.vds -m64 -product Vivado -mode batch -messageDb vivado.pb -notrace -source lab1_ob_auto_pc_0.tcl


****** Vivado v2017.2 (64-bit)
  **** SW Build 1909853 on Thu Jun 15 18:39:10 MDT 2017
  **** IP Build 1909766 on Thu Jun 15 19:58:00 MDT 2017
    ** Copyright 1986-2017 Xilinx, Inc. All Rights Reserved.

source lab1_ob_auto_pc_0.tcl -notrace
Starting RTL Elaboration : Time (s): cpu = 00:00:04 ; elapsed = 00:00:04 . Memory (MB): peak = 1179.625 ; gain = 74.996 ; free physical = 8078 ; free virtual = 31019
INFO: [Synth 8-638] synthesizing module 'lab1_ob_auto_pc_0' [/home/ebrahim/vivado/Lab1/opcional1/Lab_ob/Lab_ob.srcs/sources_1/bd/lab1_ob/ip/lab1_ob_auto_pc_0/synth/lab1_ob_auto_pc_0.v:58]
INFO: [Synth 8-638] synthesizing module 'axi_protocol_converter_v2_1_13_axi_protocol_converter' [/home/ebrahim/vivado/Lab1/opcional1/Lab_ob/Lab_ob.srcs/sources_1/bd/lab1_ob/ipshared/f0ae/hdl/axi_protocol_converter_v2_1_vl_rfs.v:4811]
INFO: [Synth 8-638] synthesizing module 'axi_protocol_converter_v2_1_13_b2s' [/home/ebrahim/vivado/Lab1/opcional1/Lab_ob/Lab_ob.srcs/sources_1/bd/lab1_ob/ipshared/f0ae/hdl/axi_protocol_converter_v2_1_vl_rfs.v:4229]
INFO: [Synth 8-638] synthesizing module 'axi_protocol_converter_v2_1_13_b2s_aw_channel' [/home/ebrahim/vivado/Lab1/opcional1/Lab_ob/Lab_ob.srcs/sources_1/bd/lab1_ob/ipshared/f0ae/hdl/axi_protocol_converter_v2_1_vl_rfs.v:3974]
INFO: [Synth 8-638] synthesizing module 'axi_protocol_converter_v2_1_13_b2s_cmd_translator' [/home/ebrahim/vivado/Lab1/opcional1/Lab_ob/Lab_ob.srcs/sources_1/bd/lab1_ob/ipshared/f0ae/hdl/axi_protocol_converter_v2_1_vl_rfs.v:3467]
INFO: [Synth 8-638] synthesizing module 'axi_protocol_converter_v2_1_13_b2s_incr_cmd' [/home/ebrahim/vivado/Lab1/opcional1/Lab_ob/Lab_ob.srcs/sources_1/bd/lab1_ob/ipshared/f0ae/hdl/axi_protocol_converter_v2_1_vl_rfs.v:3093]
INFO: [Synth 8-256] done synthesizing module 'axi_protocol_converter_v2_1_13_b2s_incr_cmd' (1#1) [/home/ebrahim/vivado/Lab1/opcional1/Lab_ob/Lab_ob.srcs/sources_1/bd/lab1_ob/ipshared/f0ae/hdl/axi_protocol_converter_v2_1_vl_rfs.v:3093]
INFO: [Synth 8-638] synthesizing module 'axi_protocol_converter_v2_1_13_b2s_wrap_cmd' [/home/ebrahim/vivado/Lab1/opcional1/Lab_ob/Lab_ob.srcs/sources_1/bd/lab1_ob/ipshared/f0ae/hdl/axi_protocol_converter_v2_1_vl_rfs.v:2903]
INFO: [Synth 8-256] done synthesizing module 'axi_protocol_converter_v2_1_13_b2s_wrap_cmd' (2#1) [/home/ebrahim/vivado/Lab1/opcional1/Lab_ob/Lab_ob.srcs/sources_1/bd/lab1_ob/ipshared/f0ae/hdl/axi_protocol_converter_v2_1_vl_rfs.v:2903]
INFO: [Synth 8-256] done synthesizing module 'axi_protocol_converter_v2_1_13_b2s_cmd_translator' (3#1) [/home/ebrahim/vivado/Lab1/opcional1/Lab_ob/Lab_ob.srcs/sources_1/bd/lab1_ob/ipshared/f0ae/hdl/axi_protocol_converter_v2_1_vl_rfs.v:3467]
INFO: [Synth 8-638] synthesizing module 'axi_protocol_converter_v2_1_13_b2s_wr_cmd_fsm' [/home/ebrahim/vivado/Lab1/opcional1/Lab_ob/Lab_ob.srcs/sources_1/bd/lab1_ob/ipshared/f0ae/hdl/axi_protocol_converter_v2_1_vl_rfs.v:3225]
INFO: [Synth 8-256] done synthesizing module 'axi_protocol_converter_v2_1_13_b2s_wr_cmd_fsm' (4#1) [/home/ebrahim/vivado/Lab1/opcional1/Lab_ob/Lab_ob.srcs/sources_1/bd/lab1_ob/ipshared/f0ae/hdl/axi_protocol_converter_v2_1_vl_rfs.v:3225]
INFO: [Synth 8-256] done synthesizing module 'axi_protocol_converter_v2_1_13_b2s_aw_channel' (5#1) [/home/ebrahim/vivado/Lab1/opcional1/Lab_ob/Lab_ob.srcs/sources_1/bd/lab1_ob/ipshared/f0ae/hdl/axi_protocol_converter_v2_1_vl_rfs.v:3974]
INFO: [Synth 8-638] synthesizing module 'axi_protocol_converter_v2_1_13_b2s_b_channel' [/home/ebrahim/vivado/Lab1/opcional1/Lab_ob/Lab_ob.srcs/sources_1/bd/lab1_ob/ipshared/f0ae/hdl/axi_protocol_converter_v2_1_vl_rfs.v:3609]
INFO: [Synth 8-638] synthesizing module 'axi_protocol_converter_v2_1_13_b2s_simple_fifo' [/home/ebrahim/vivado/Lab1/opcional1/Lab_ob/Lab_ob.srcs/sources_1/bd/lab1_ob/ipshared/f0ae/hdl/axi_protocol_converter_v2_1_vl_rfs.v:2816]
INFO: [Synth 8-256] done synthesizing module 'axi_protocol_converter_v2_1_13_b2s_simple_fifo' (6#1) [/home/ebrahim/vivado/Lab1/opcional1/Lab_ob/Lab_ob.srcs/sources_1/bd/lab1_ob/ipshared/f0ae/hdl/axi_protocol_converter_v2_1_vl_rfs.v:2816]
INFO: [Synth 8-638] synthesizing module 'axi_protocol_converter_v2_1_13_b2s_simple_fifo__parameterized0' [/home/ebrahim/vivado/Lab1/opcional1/Lab_ob/Lab_ob.srcs/sources_1/bd/lab1_ob/ipshared/f0ae/hdl/axi_protocol_converter_v2_1_vl_rfs.v:2816]
INFO: [Synth 8-256] done synthesizing module 'axi_protocol_converter_v2_1_13_b2s_simple_fifo__parameterized0' (6#1) [/home/ebrahim/vivado/Lab1/opcional1/Lab_ob/Lab_ob.srcs/sources_1/bd/lab1_ob/ipshared/f0ae/hdl/axi_protocol_converter_v2_1_vl_rfs.v:2816]
INFO: [Synth 8-256] done synthesizing module 'axi_protocol_converter_v2_1_13_b2s_b_channel' (7#1) [/home/ebrahim/vivado/Lab1/opcional1/Lab_ob/Lab_ob.srcs/sources_1/bd/lab1_ob/ipshared/f0ae/hdl/axi_protocol_converter_v2_1_vl_rfs.v:3609]
INFO: [Synth 8-638] synthesizing module 'axi_protocol_converter_v2_1_13_b2s_ar_channel' [/home/ebrahim/vivado/Lab1/opcional1/Lab_ob/Lab_ob.srcs/sources_1/bd/lab1_ob/ipshared/f0ae/hdl/axi_protocol_converter_v2_1_vl_rfs.v:4085]
INFO: [Synth 8-638] synthesizing module 'axi_protocol_converter_v2_1_13_b2s_rd_cmd_fsm' [/home/ebrahim/vivado/Lab1/opcional1/Lab_ob/Lab_ob.srcs/sources_1/bd/lab1_ob/ipshared/f0ae/hdl/axi_protocol_converter_v2_1_vl_rfs.v:3336]
INFO: [Synth 8-256] done synthesizing module 'axi_protocol_converter_v2_1_13_b2s_rd_cmd_fsm' (8#1) [/home/ebrahim/vivado/Lab1/opcional1/Lab_ob/Lab_ob.srcs/sources_1/bd/lab1_ob/ipshared/f0ae/hdl/axi_protocol_converter_v2_1_vl_rfs.v:3336]
INFO: [Synth 8-256] done synthesizing module 'axi_protocol_converter_v2_1_13_b2s_ar_channel' (9#1) [/home/ebrahim/vivado/Lab1/opcional1/Lab_ob/Lab_ob.srcs/sources_1/bd/lab1_ob/ipshared/f0ae/hdl/axi_protocol_converter_v2_1_vl_rfs.v:4085]
INFO: [Synth 8-638] synthesizing module 'axi_protocol_converter_v2_1_13_b2s_r_channel' [/home/ebrahim/vivado/Lab1/opcional1/Lab_ob/Lab_ob.srcs/sources_1/bd/lab1_ob/ipshared/f0ae/hdl/axi_protocol_converter_v2_1_vl_rfs.v:3814]
INFO: [Synth 8-638] synthesizing module 'axi_protocol_converter_v2_1_13_b2s_simple_fifo__parameterized1' [/home/ebrahim/vivado/Lab1/opcional1/Lab_ob/Lab_ob.srcs/sources_1/bd/lab1_ob/ipshared/f0ae/hdl/axi_protocol_converter_v2_1_vl_rfs.v:2816]
INFO: [Synth 8-256] done synthesizing module 'axi_protocol_converter_v2_1_13_b2s_simple_fifo__parameterized1' (9#1) [/home/ebrahim/vivado/Lab1/opcional1/Lab_ob/Lab_ob.srcs/sources_1/bd/lab1_ob/ipshared/f0ae/hdl/axi_protocol_converter_v2_1_vl_rfs.v:2816]
INFO: [Synth 8-638] synthesizing module 'axi_protocol_converter_v2_1_13_b2s_simple_fifo__parameterized2' [/home/ebrahim/vivado/Lab1/opcional1/Lab_ob/Lab_ob.srcs/sources_1/bd/lab1_ob/ipshared/f0ae/hdl/axi_protocol_converter_v2_1_vl_rfs.v:2816]
INFO: [Synth 8-256] done synthesizing module 'axi_protocol_converter_v2_1_13_b2s_simple_fifo__parameterized2' (9#1) [/home/ebrahim/vivado/Lab1/opcional1/Lab_ob/Lab_ob.srcs/sources_1/bd/lab1_ob/ipshared/f0ae/hdl/axi_protocol_converter_v2_1_vl_rfs.v:2816]
INFO: [Synth 8-256] done synthesizing module 'axi_protocol_converter_v2_1_13_b2s_r_channel' (10#1) [/home/ebrahim/vivado/Lab1/opcional1/Lab_ob/Lab_ob.srcs/sources_1/bd/lab1_ob/ipshared/f0ae/hdl/axi_protocol_converter_v2_1_vl_rfs.v:3814]
INFO: [Synth 8-638] synthesizing module 'axi_register_slice_v2_1_13_axi_register_slice' [/home/ebrahim/vivado/Lab1/opcional1/Lab_ob/Lab_ob.srcs/sources_1/bd/lab1_ob/ipshared/55c0/hdl/axi_register_slice_v2_1_vl_rfs.v:791]
INFO: [Synth 8-638] synthesizing module 'axi_infrastructure_v1_1_0_axi2vector' [/home/ebrahim/vivado/Lab1/opcional1/Lab_ob/Lab_ob.srcs/sources_1/bd/lab1_ob/ipshared/7e3a/hdl/axi_infrastructure_v1_1_vl_rfs.v:60]
INFO: [Synth 8-256] done synthesizing module 'axi_infrastructure_v1_1_0_axi2vector' (11#1) [/home/ebrahim/vivado/Lab1/opcional1/Lab_ob/Lab_ob.srcs/sources_1/bd/lab1_ob/ipshared/7e3a/hdl/axi_infrastructure_v1_1_vl_rfs.v:60]
INFO: [Synth 8-638] synthesizing module 'axi_register_slice_v2_1_13_axic_register_slice' [/home/ebrahim/vivado/Lab1/opcional1/Lab_ob/Lab_ob.srcs/sources_1/bd/lab1_ob/ipshared/55c0/hdl/axi_register_slice_v2_1_vl_rfs.v:85]
INFO: [Synth 8-256] done synthesizing module 'axi_register_slice_v2_1_13_axic_register_slice' (12#1) [/home/ebrahim/vivado/Lab1/opcional1/Lab_ob/Lab_ob.srcs/sources_1/bd/lab1_ob/ipshared/55c0/hdl/axi_register_slice_v2_1_vl_rfs.v:85]
INFO: [Synth 8-638] synthesizing module 'axi_register_slice_v2_1_13_axic_register_slice__parameterized0' [/home/ebrahim/vivado/Lab1/opcional1/Lab_ob/Lab_ob.srcs/sources_1/bd/lab1_ob/ipshared/55c0/hdl/axi_register_slice_v2_1_vl_rfs.v:85]
INFO: [Synth 8-256] done synthesizing module 'axi_register_slice_v2_1_13_axic_register_slice__parameterized0' (12#1) [/home/ebrahim/vivado/Lab1/opcional1/Lab_ob/Lab_ob.srcs/sources_1/bd/lab1_ob/ipshared/55c0/hdl/axi_register_slice_v2_1_vl_rfs.v:85]
INFO: [Synth 8-638] synthesizing module 'axi_register_slice_v2_1_13_axic_register_slice__parameterized1' [/home/ebrahim/vivado/Lab1/opcional1/Lab_ob/Lab_ob.srcs/sources_1/bd/lab1_ob/ipshared/55c0/hdl/axi_register_slice_v2_1_vl_rfs.v:85]
INFO: [Synth 8-256] done synthesizing module 'axi_register_slice_v2_1_13_axic_register_slice__parameterized1' (12#1) [/home/ebrahim/vivado/Lab1/opcional1/Lab_ob/Lab_ob.srcs/sources_1/bd/lab1_ob/ipshared/55c0/hdl/axi_register_slice_v2_1_vl_rfs.v:85]
INFO: [Synth 8-638] synthesizing module 'axi_register_slice_v2_1_13_axic_register_slice__parameterized2' [/home/ebrahim/vivado/Lab1/opcional1/Lab_ob/Lab_ob.srcs/sources_1/bd/lab1_ob/ipshared/55c0/hdl/axi_register_slice_v2_1_vl_rfs.v:85]
INFO: [Synth 8-256] done synthesizing module 'axi_register_slice_v2_1_13_axic_register_slice__parameterized2' (12#1) [/home/ebrahim/vivado/Lab1/opcional1/Lab_ob/Lab_ob.srcs/sources_1/bd/lab1_ob/ipshared/55c0/hdl/axi_register_slice_v2_1_vl_rfs.v:85]
INFO: [Synth 8-638] synthesizing module 'axi_infrastructure_v1_1_0_vector2axi' [/home/ebrahim/vivado/Lab1/opcional1/Lab_ob/Lab_ob.srcs/sources_1/bd/lab1_ob/ipshared/7e3a/hdl/axi_infrastructure_v1_1_vl_rfs.v:474]
INFO: [Synth 8-256] done synthesizing module 'axi_infrastructure_v1_1_0_vector2axi' (13#1) [/home/ebrahim/vivado/Lab1/opcional1/Lab_ob/Lab_ob.srcs/sources_1/bd/lab1_ob/ipshared/7e3a/hdl/axi_infrastructure_v1_1_vl_rfs.v:474]
INFO: [Synth 8-256] done synthesizing module 'axi_register_slice_v2_1_13_axi_register_slice' (14#1) [/home/ebrahim/vivado/Lab1/opcional1/Lab_ob/Lab_ob.srcs/sources_1/bd/lab1_ob/ipshared/55c0/hdl/axi_register_slice_v2_1_vl_rfs.v:791]
INFO: [Synth 8-638] synthesizing module 'axi_register_slice_v2_1_13_axi_register_slice__parameterized0' [/home/ebrahim/vivado/Lab1/opcional1/Lab_ob/Lab_ob.srcs/sources_1/bd/lab1_ob/ipshared/55c0/hdl/axi_register_slice_v2_1_vl_rfs.v:791]
INFO: [Synth 8-638] synthesizing module 'axi_infrastructure_v1_1_0_axi2vector__parameterized0' [/home/ebrahim/vivado/Lab1/opcional1/Lab_ob/Lab_ob.srcs/sources_1/bd/lab1_ob/ipshared/7e3a/hdl/axi_infrastructure_v1_1_vl_rfs.v:60]
INFO: [Synth 8-256] done synthesizing module 'axi_infrastructure_v1_1_0_axi2vector__parameterized0' (14#1) [/home/ebrahim/vivado/Lab1/opcional1/Lab_ob/Lab_ob.srcs/sources_1/bd/lab1_ob/ipshared/7e3a/hdl/axi_infrastructure_v1_1_vl_rfs.v:60]
INFO: [Synth 8-638] synthesizing module 'axi_register_slice_v2_1_13_axic_register_slice__parameterized3' [/home/ebrahim/vivado/Lab1/opcional1/Lab_ob/Lab_ob.srcs/sources_1/bd/lab1_ob/ipshared/55c0/hdl/axi_register_slice_v2_1_vl_rfs.v:85]
INFO: [Synth 8-256] done synthesizing module 'axi_register_slice_v2_1_13_axic_register_slice__parameterized3' (14#1) [/home/ebrahim/vivado/Lab1/opcional1/Lab_ob/Lab_ob.srcs/sources_1/bd/lab1_ob/ipshared/55c0/hdl/axi_register_slice_v2_1_vl_rfs.v:85]
INFO: [Synth 8-638] synthesizing module 'axi_register_slice_v2_1_13_axic_register_slice__parameterized4' [/home/ebrahim/vivado/Lab1/opcional1/Lab_ob/Lab_ob.srcs/sources_1/bd/lab1_ob/ipshared/55c0/hdl/axi_register_slice_v2_1_vl_rfs.v:85]
INFO: [Synth 8-256] done synthesizing module 'axi_register_slice_v2_1_13_axic_register_slice__parameterized4' (14#1) [/home/ebrahim/vivado/Lab1/opcional1/Lab_ob/Lab_ob.srcs/sources_1/bd/lab1_ob/ipshared/55c0/hdl/axi_register_slice_v2_1_vl_rfs.v:85]
INFO: [Synth 8-638] synthesizing module 'axi_register_slice_v2_1_13_axic_register_slice__parameterized5' [/home/ebrahim/vivado/Lab1/opcional1/Lab_ob/Lab_ob.srcs/sources_1/bd/lab1_ob/ipshared/55c0/hdl/axi_register_slice_v2_1_vl_rfs.v:85]
INFO: [Synth 8-256] done synthesizing module 'axi_register_slice_v2_1_13_axic_register_slice__parameterized5' (14#1) [/home/ebrahim/vivado/Lab1/opcional1/Lab_ob/Lab_ob.srcs/sources_1/bd/lab1_ob/ipshared/55c0/hdl/axi_register_slice_v2_1_vl_rfs.v:85]
INFO: [Synth 8-638] synthesizing module 'axi_register_slice_v2_1_13_axic_register_slice__parameterized6' [/home/ebrahim/vivado/Lab1/opcional1/Lab_ob/Lab_ob.srcs/sources_1/bd/lab1_ob/ipshared/55c0/hdl/axi_register_slice_v2_1_vl_rfs.v:85]
INFO: [Synth 8-256] done synthesizing module 'axi_register_slice_v2_1_13_axic_register_slice__parameterized6' (14#1) [/home/ebrahim/vivado/Lab1/opcional1/Lab_ob/Lab_ob.srcs/sources_1/bd/lab1_ob/ipshared/55c0/hdl/axi_register_slice_v2_1_vl_rfs.v:85]
INFO: [Synth 8-638] synthesizing module 'axi_infrastructure_v1_1_0_vector2axi__parameterized0' [/home/ebrahim/vivado/Lab1/opcional1/Lab_ob/Lab_ob.srcs/sources_1/bd/lab1_ob/ipshared/7e3a/hdl/axi_infrastructure_v1_1_vl_rfs.v:474]
INFO: [Synth 8-256] done synthesizing module 'axi_infrastructure_v1_1_0_vector2axi__parameterized0' (14#1) [/home/ebrahim/vivado/Lab1/opcional1/Lab_ob/Lab_ob.srcs/sources_1/bd/lab1_ob/ipshared/7e3a/hdl/axi_infrastructure_v1_1_vl_rfs.v:474]
INFO: [Synth 8-256] done synthesizing module 'axi_register_slice_v2_1_13_axi_register_slice__parameterized0' (14#1) [/home/ebrahim/vivado/Lab1/opcional1/Lab_ob/Lab_ob.srcs/sources_1/bd/lab1_ob/ipshared/55c0/hdl/axi_register_slice_v2_1_vl_rfs.v:791]
INFO: [Synth 8-256] done synthesizing module 'axi_protocol_converter_v2_1_13_b2s' (15#1) [/home/ebrahim/vivado/Lab1/opcional1/Lab_ob/Lab_ob.srcs/sources_1/bd/lab1_ob/ipshared/f0ae/hdl/axi_protocol_converter_v2_1_vl_rfs.v:4229]
INFO: [Synth 8-256] done synthesizing module 'axi_protocol_converter_v2_1_13_axi_protocol_converter' (16#1) [/home/ebrahim/vivado/Lab1/opcional1/Lab_ob/Lab_ob.srcs/sources_1/bd/lab1_ob/ipshared/f0ae/hdl/axi_protocol_converter_v2_1_vl_rfs.v:4811]
INFO: [Synth 8-256] done synthesizing module 'lab1_ob_auto_pc_0' (17#1) [/home/ebrahim/vivado/Lab1/opcional1/Lab_ob/Lab_ob.srcs/sources_1/bd/lab1_ob/ip/lab1_ob_auto_pc_0/synth/lab1_ob_auto_pc_0.v:58]
Finished RTL Elaboration : Time (s): cpu = 00:00:20 ; elapsed = 00:00:20 . Memory (MB): peak = 1300.125 ; gain = 195.496 ; free physical = 7443 ; free virtual = 30386
Finished RTL Optimization Phase 1 : Time (s): cpu = 00:00:20 ; elapsed = 00:00:20 . Memory (MB): peak = 1300.125 ; gain = 195.496 ; free physical = 7427 ; free virtual = 30370
INFO: [Device 21-403] Loading part xc7z010clg400-1
Constraint Validation Runtime : Time (s): cpu = 00:00:00.07 ; elapsed = 00:00:00.03 . Memory (MB): peak = 1580.164 ; gain = 0.000 ; free physical = 7908 ; free virtual = 30853
Finished Constraint Validation : Time (s): cpu = 00:00:28 ; elapsed = 00:00:28 . Memory (MB): peak = 1580.164 ; gain = 475.535 ; free physical = 8440 ; free virtual = 31386
Finished Loading Part and Timing Information : Time (s): cpu = 00:00:28 ; elapsed = 00:00:28 . Memory (MB): peak = 1580.164 ; gain = 475.535 ; free physical = 8440 ; free virtual = 31386
Finished applying 'set_property' XDC Constraints : Time (s): cpu = 00:00:28 ; elapsed = 00:00:28 . Memory (MB): peak = 1580.164 ; gain = 475.535 ; free physical = 8441 ; free virtual = 31386
Finished RTL Optimization Phase 2 : Time (s): cpu = 00:00:28 ; elapsed = 00:00:29 . Memory (MB): peak = 1580.164 ; gain = 475.535 ; free physical = 8421 ; free virtual = 31366
Finished Cross Boundary and Area Optimization : Time (s): cpu = 00:00:29 ; elapsed = 00:00:30 . Memory (MB): peak = 1580.164 ; gain = 475.535 ; free physical = 8387 ; free virtual = 31332
Finished Applying XDC Timing Constraints : Time (s): cpu = 00:00:34 ; elapsed = 00:00:35 . Memory (MB): peak = 1580.164 ; gain = 475.535 ; free physical = 8288 ; free virtual = 31233
Finished Timing Optimization : Time (s): cpu = 00:00:35 ; elapsed = 00:00:36 . Memory (MB): peak = 1580.164 ; gain = 475.535 ; free physical = 8266 ; free virtual = 31210
Finished Technology Mapping : Time (s): cpu = 00:00:36 ; elapsed = 00:00:36 . Memory (MB): peak = 1580.766 ; gain = 476.137 ; free physical = 8266 ; free virtual = 31211
Finished IO Insertion : Time (s): cpu = 00:00:36 ; elapsed = 00:00:37 . Memory (MB): peak = 1580.766 ; gain = 476.137 ; free physical = 8267 ; free virtual = 31211
Finished Renaming Generated Instances : Time (s): cpu = 00:00:36 ; elapsed = 00:00:37 . Memory (MB): peak = 1580.766 ; gain = 476.137 ; free physical = 8267 ; free virtual = 31211
Finished Rebuilding User Hierarchy : Time (s): cpu = 00:00:36 ; elapsed = 00:00:37 . Memory (MB): peak = 1580.766 ; gain = 476.137 ; free physical = 8267 ; free virtual = 31212
Finished Renaming Generated Ports : Time (s): cpu = 00:00:36 ; elapsed = 00:00:37 . Memory (MB): peak = 1580.766 ; gain = 476.137 ; free physical = 8267 ; free virtual = 31212
Finished Handling Custom Attributes : Time (s): cpu = 00:00:36 ; elapsed = 00:00:37 . Memory (MB): peak = 1580.766 ; gain = 476.137 ; free physical = 8267 ; free virtual = 31212
Finished Renaming Generated Nets : Time (s): cpu = 00:00:36 ; elapsed = 00:00:37 . Memory (MB): peak = 1580.766 ; gain = 476.137 ; free physical = 8267 ; free virtual = 31212

Report Cell Usage: 
+------+--------+------+
|      |Cell    |Count |
+------+--------+------+
|1     |CARRY4  |    18|
|2     |LUT1    |    38|
|3     |LUT2    |    18|
|4     |LUT3    |   236|
|5     |LUT4    |    48|
|6     |LUT5    |    73|
|7     |LUT6    |   103|
|8     |SRL16E  |    18|
|9     |SRLC32E |    47|
|10    |FDRE    |   550|
|11    |FDSE    |    48|
+------+--------+------+
Finished Writing Synthesis Report : Time (s): cpu = 00:00:36 ; elapsed = 00:00:37 . Memory (MB): peak = 1580.766 ; gain = 476.137 ; free physical = 8267 ; free virtual = 31212
synth_design: Time (s): cpu = 00:00:37 ; elapsed = 00:00:38 . Memory (MB): peak = 1612.781 ; gain = 520.738 ; free physical = 8317 ; free virtual = 31262
