
*** Running vivado
    with args -log Lab1_sf_screen_object_0_0.vds -m64 -product Vivado -mode batch -messageDb vivado.pb -notrace -source Lab1_sf_screen_object_0_0.tcl


****** Vivado v2017.2 (64-bit)
  **** SW Build 1909853 on Thu Jun 15 18:39:10 MDT 2017
  **** IP Build 1909766 on Thu Jun 15 19:58:00 MDT 2017
    ** Copyright 1986-2017 Xilinx, Inc. All Rights Reserved.

source Lab1_sf_screen_object_0_0.tcl -notrace
Command: synth_design -top Lab1_sf_screen_object_0_0 -part xc7z010clg400-1 -mode out_of_context
Starting synth_design
Attempting to get a license for feature 'Synthesis' and/or device 'xc7z010-clg400'
INFO: [Common 17-349] Got license for feature 'Synthesis' and/or device 'xc7z010-clg400'
INFO: Launching helper process for spawning children vivado processes
INFO: Helper process launched with PID 3522 
---------------------------------------------------------------------------------
Starting RTL Elaboration : Time (s): cpu = 00:00:04 ; elapsed = 00:00:04 . Memory (MB): peak = 1174.625 ; gain = 68.996 ; free physical = 169 ; free virtual = 27574
---------------------------------------------------------------------------------
INFO: [Synth 8-638] synthesizing module 'Lab1_sf_screen_object_0_0' [/home/ebrahim/vivado/Lab1/mixed_approach/mixed_approach.srcs/sources_1/bd/Lab1_sf/ip/Lab1_sf_screen_object_0_0/synth/Lab1_sf_screen_object_0_0.vhd:66]
INFO: [Synth 8-3491] module 'screen_object' declared at '/home/ebrahim/vivado/Lab1/mixed_approach/mixed_approach.srcs/sources_1/bd/Lab1_sf/ipshared/8a00/screenObject.vhd:11' bound to instance 'U0' of component 'screen_object' [/home/ebrahim/vivado/Lab1/mixed_approach/mixed_approach.srcs/sources_1/bd/Lab1_sf/ip/Lab1_sf_screen_object_0_0/synth/Lab1_sf_screen_object_0_0.vhd:83]
INFO: [Synth 8-638] synthesizing module 'screen_object' [/home/ebrahim/vivado/Lab1/mixed_approach/mixed_approach.srcs/sources_1/bd/Lab1_sf/ipshared/8a00/screenObject.vhd:20]
INFO: [Synth 8-256] done synthesizing module 'screen_object' (1#1) [/home/ebrahim/vivado/Lab1/mixed_approach/mixed_approach.srcs/sources_1/bd/Lab1_sf/ipshared/8a00/screenObject.vhd:20]
INFO: [Synth 8-256] done synthesizing module 'Lab1_sf_screen_object_0_0' (2#1) [/home/ebrahim/vivado/Lab1/mixed_approach/mixed_approach.srcs/sources_1/bd/Lab1_sf/ip/Lab1_sf_screen_object_0_0/synth/Lab1_sf_screen_object_0_0.vhd:66]
WARNING: [Synth 8-3331] design screen_object has unconnected port pixel_row[9]
WARNING: [Synth 8-3331] design screen_object has unconnected port pixel_row[4]
WARNING: [Synth 8-3331] design screen_object has unconnected port pixel_row[3]
WARNING: [Synth 8-3331] design screen_object has unconnected port pixel_row[2]
WARNING: [Synth 8-3331] design screen_object has unconnected port pixel_row[1]
WARNING: [Synth 8-3331] design screen_object has unconnected port pixel_row[0]
WARNING: [Synth 8-3331] design screen_object has unconnected port pixel_column[4]
WARNING: [Synth 8-3331] design screen_object has unconnected port pixel_column[3]
WARNING: [Synth 8-3331] design screen_object has unconnected port pixel_column[2]
WARNING: [Synth 8-3331] design screen_object has unconnected port pixel_column[1]
WARNING: [Synth 8-3331] design screen_object has unconnected port pixel_column[0]
---------------------------------------------------------------------------------
Finished RTL Elaboration : Time (s): cpu = 00:00:05 ; elapsed = 00:00:05 . Memory (MB): peak = 1215.125 ; gain = 109.496 ; free physical = 241 ; free virtual = 27552
---------------------------------------------------------------------------------

Report Check Netlist: 
+------+------------------+-------+---------+-------+------------------+
|      |Item              |Errors |Warnings |Status |Description       |
+------+------------------+-------+---------+-------+------------------+
|1     |multi_driven_nets |      0|        0|Passed |Multi driven nets |
+------+------------------+-------+---------+-------+------------------+
---------------------------------------------------------------------------------
Finished RTL Optimization Phase 1 : Time (s): cpu = 00:00:05 ; elapsed = 00:00:05 . Memory (MB): peak = 1215.125 ; gain = 109.496 ; free physical = 240 ; free virtual = 27550
---------------------------------------------------------------------------------
INFO: [Device 21-403] Loading part xc7z010clg400-1
INFO: [Project 1-570] Preparing netlist for logic optimization

Processing XDC Constraints
Initializing timing engine
Completed Processing XDC Constraints

INFO: [Project 1-111] Unisim Transformation Summary:
No Unisim elements were transformed.

Constraint Validation Runtime : Time (s): cpu = 00:00:00.01 ; elapsed = 00:00:00.02 . Memory (MB): peak = 1501.781 ; gain = 0.000 ; free physical = 288 ; free virtual = 27067
---------------------------------------------------------------------------------
Finished Constraint Validation : Time (s): cpu = 00:00:13 ; elapsed = 00:00:13 . Memory (MB): peak = 1501.781 ; gain = 396.152 ; free physical = 215 ; free virtual = 26994
---------------------------------------------------------------------------------
---------------------------------------------------------------------------------
Start Loading Part and Timing Information
---------------------------------------------------------------------------------
Loading part: xc7z010clg400-1
---------------------------------------------------------------------------------
Finished Loading Part and Timing Information : Time (s): cpu = 00:00:13 ; elapsed = 00:00:13 . Memory (MB): peak = 1501.781 ; gain = 396.152 ; free physical = 216 ; free virtual = 26995
---------------------------------------------------------------------------------
---------------------------------------------------------------------------------
Start Applying 'set_property' XDC Constraints
---------------------------------------------------------------------------------
---------------------------------------------------------------------------------
Finished applying 'set_property' XDC Constraints : Time (s): cpu = 00:00:13 ; elapsed = 00:00:13 . Memory (MB): peak = 1501.781 ; gain = 396.152 ; free physical = 216 ; free virtual = 26995
---------------------------------------------------------------------------------
---------------------------------------------------------------------------------
Finished RTL Optimization Phase 2 : Time (s): cpu = 00:00:13 ; elapsed = 00:00:13 . Memory (MB): peak = 1501.781 ; gain = 396.152 ; free physical = 208 ; free virtual = 26987
---------------------------------------------------------------------------------

Report RTL Partitions: 
+-+--------------+------------+----------+
| |RTL Partition |Replication |Instances |
+-+--------------+------------+----------+
+-+--------------+------------+----------+
---------------------------------------------------------------------------------
Start RTL Component Statistics 
---------------------------------------------------------------------------------
Detailed RTL Component Info : 
+---Muxes : 
	   2 Input      3 Bit        Muxes := 1     
---------------------------------------------------------------------------------
Finished RTL Component Statistics 
---------------------------------------------------------------------------------
---------------------------------------------------------------------------------
Start RTL Hierarchical Component Statistics 
---------------------------------------------------------------------------------
Hierarchical RTL Component report 
Module screen_object 
Detailed RTL Component Info : 
+---Muxes : 
	   2 Input      3 Bit        Muxes := 1     
---------------------------------------------------------------------------------
Finished RTL Hierarchical Component Statistics
---------------------------------------------------------------------------------
---------------------------------------------------------------------------------
Start Part Resource Summary
---------------------------------------------------------------------------------
Part Resources:
DSPs: 80 (col length:40)
BRAMs: 120 (col length: RAMB18 40 RAMB36 20)
---------------------------------------------------------------------------------
Finished Part Resource Summary
---------------------------------------------------------------------------------
---------------------------------------------------------------------------------
Start Cross Boundary and Area Optimization
---------------------------------------------------------------------------------
INFO: [Synth 8-3917] design Lab1_sf_screen_object_0_0 has port pixel_color[0] driven by constant 1
WARNING: [Synth 8-3331] design Lab1_sf_screen_object_0_0 has unconnected port pixel_row[9]
WARNING: [Synth 8-3331] design Lab1_sf_screen_object_0_0 has unconnected port pixel_row[4]
WARNING: [Synth 8-3331] design Lab1_sf_screen_object_0_0 has unconnected port pixel_row[3]
WARNING: [Synth 8-3331] design Lab1_sf_screen_object_0_0 has unconnected port pixel_row[2]
WARNING: [Synth 8-3331] design Lab1_sf_screen_object_0_0 has unconnected port pixel_row[1]
WARNING: [Synth 8-3331] design Lab1_sf_screen_object_0_0 has unconnected port pixel_row[0]
WARNING: [Synth 8-3331] design Lab1_sf_screen_object_0_0 has unconnected port pixel_column[4]
WARNING: [Synth 8-3331] design Lab1_sf_screen_object_0_0 has unconnected port pixel_column[3]
WARNING: [Synth 8-3331] design Lab1_sf_screen_object_0_0 has unconnected port pixel_column[2]
WARNING: [Synth 8-3331] design Lab1_sf_screen_object_0_0 has unconnected port pixel_column[1]
WARNING: [Synth 8-3331] design Lab1_sf_screen_object_0_0 has unconnected port pixel_column[0]
---------------------------------------------------------------------------------
Finished Cross Boundary and Area Optimization : Time (s): cpu = 00:00:13 ; elapsed = 00:00:14 . Memory (MB): peak = 1501.781 ; gain = 396.152 ; free physical = 177 ; free virtual = 26935
---------------------------------------------------------------------------------

Report RTL Partitions: 
+-+--------------+------------+----------+
| |RTL Partition |Replication |Instances |
+-+--------------+------------+----------+
+-+--------------+------------+----------+
---------------------------------------------------------------------------------
Start Applying XDC Timing Constraints
---------------------------------------------------------------------------------
---------------------------------------------------------------------------------
Finished Applying XDC Timing Constraints : Time (s): cpu = 00:00:20 ; elapsed = 00:00:20 . Memory (MB): peak = 1502.766 ; gain = 397.137 ; free physical = 163 ; free virtual = 26701
---------------------------------------------------------------------------------
---------------------------------------------------------------------------------
Start Timing Optimization
---------------------------------------------------------------------------------
---------------------------------------------------------------------------------
Finished Timing Optimization : Time (s): cpu = 00:00:20 ; elapsed = 00:00:20 . Memory (MB): peak = 1502.766 ; gain = 397.137 ; free physical = 175 ; free virtual = 26702
---------------------------------------------------------------------------------

Report RTL Partitions: 
+-+--------------+------------+----------+
| |RTL Partition |Replication |Instances |
+-+--------------+------------+----------+
+-+--------------+------------+----------+
---------------------------------------------------------------------------------
Start Technology Mapping
---------------------------------------------------------------------------------
---------------------------------------------------------------------------------
Finished Technology Mapping : Time (s): cpu = 00:00:20 ; elapsed = 00:00:20 . Memory (MB): peak = 1512.781 ; gain = 407.152 ; free physical = 173 ; free virtual = 26700
---------------------------------------------------------------------------------

Report RTL Partitions: 
+-+--------------+------------+----------+
| |RTL Partition |Replication |Instances |
+-+--------------+------------+----------+
+-+--------------+------------+----------+
---------------------------------------------------------------------------------
Start IO Insertion
---------------------------------------------------------------------------------
---------------------------------------------------------------------------------
Start Flattening Before IO Insertion
---------------------------------------------------------------------------------
---------------------------------------------------------------------------------
Finished Flattening Before IO Insertion
---------------------------------------------------------------------------------
---------------------------------------------------------------------------------
Start Final Netlist Cleanup
---------------------------------------------------------------------------------
---------------------------------------------------------------------------------
Finished Final Netlist Cleanup
---------------------------------------------------------------------------------
---------------------------------------------------------------------------------
Finished IO Insertion : Time (s): cpu = 00:00:20 ; elapsed = 00:00:20 . Memory (MB): peak = 1512.781 ; gain = 407.152 ; free physical = 216 ; free virtual = 26743
---------------------------------------------------------------------------------

Report Check Netlist: 
+------+------------------+-------+---------+-------+------------------+
|      |Item              |Errors |Warnings |Status |Description       |
+------+------------------+-------+---------+-------+------------------+
|1     |multi_driven_nets |      0|        0|Passed |Multi driven nets |
+------+------------------+-------+---------+-------+------------------+
---------------------------------------------------------------------------------
Start Renaming Generated Instances
---------------------------------------------------------------------------------
---------------------------------------------------------------------------------
Finished Renaming Generated Instances : Time (s): cpu = 00:00:20 ; elapsed = 00:00:20 . Memory (MB): peak = 1512.781 ; gain = 407.152 ; free physical = 216 ; free virtual = 26743
---------------------------------------------------------------------------------

Report RTL Partitions: 
+-+--------------+------------+----------+
| |RTL Partition |Replication |Instances |
+-+--------------+------------+----------+
+-+--------------+------------+----------+
---------------------------------------------------------------------------------
Start Rebuilding User Hierarchy
---------------------------------------------------------------------------------
---------------------------------------------------------------------------------
Finished Rebuilding User Hierarchy : Time (s): cpu = 00:00:20 ; elapsed = 00:00:20 . Memory (MB): peak = 1512.781 ; gain = 407.152 ; free physical = 216 ; free virtual = 26743
---------------------------------------------------------------------------------
---------------------------------------------------------------------------------
Start Renaming Generated Ports
---------------------------------------------------------------------------------
---------------------------------------------------------------------------------
Finished Renaming Generated Ports : Time (s): cpu = 00:00:20 ; elapsed = 00:00:20 . Memory (MB): peak = 1512.781 ; gain = 407.152 ; free physical = 216 ; free virtual = 26743
---------------------------------------------------------------------------------
---------------------------------------------------------------------------------
Start Handling Custom Attributes
---------------------------------------------------------------------------------
---------------------------------------------------------------------------------
Finished Handling Custom Attributes : Time (s): cpu = 00:00:20 ; elapsed = 00:00:20 . Memory (MB): peak = 1512.781 ; gain = 407.152 ; free physical = 216 ; free virtual = 26743
---------------------------------------------------------------------------------
---------------------------------------------------------------------------------
Start Renaming Generated Nets
---------------------------------------------------------------------------------
---------------------------------------------------------------------------------
Finished Renaming Generated Nets : Time (s): cpu = 00:00:20 ; elapsed = 00:00:20 . Memory (MB): peak = 1512.781 ; gain = 407.152 ; free physical = 216 ; free virtual = 26743
---------------------------------------------------------------------------------
---------------------------------------------------------------------------------
Start Writing Synthesis Report
---------------------------------------------------------------------------------

Report BlackBoxes: 
+-+--------------+----------+
| |BlackBox name |Instances |
+-+--------------+----------+
+-+--------------+----------+

Report Cell Usage: 
+------+-----+------+
|      |Cell |Count |
+------+-----+------+
|1     |LUT2 |     1|
|2     |LUT6 |     3|
+------+-----+------+

Report Instance Areas: 
+------+---------+-------+------+
|      |Instance |Module |Cells |
+------+---------+-------+------+
|1     |top      |       |     4|
+------+---------+-------+------+
---------------------------------------------------------------------------------
Finished Writing Synthesis Report : Time (s): cpu = 00:00:20 ; elapsed = 00:00:20 . Memory (MB): peak = 1512.781 ; gain = 407.152 ; free physical = 216 ; free virtual = 26743
---------------------------------------------------------------------------------
Synthesis finished with 0 errors, 0 critical warnings and 11 warnings.
Synthesis Optimization Runtime : Time (s): cpu = 00:00:16 ; elapsed = 00:00:16 . Memory (MB): peak = 1512.781 ; gain = 120.496 ; free physical = 259 ; free virtual = 26786
Synthesis Optimization Complete : Time (s): cpu = 00:00:20 ; elapsed = 00:00:21 . Memory (MB): peak = 1512.789 ; gain = 407.152 ; free physical = 259 ; free virtual = 26785
INFO: [Project 1-571] Translating synthesized netlist
INFO: [Project 1-570] Preparing netlist for logic optimization
INFO: [Opt 31-138] Pushed 0 inverter(s) to 0 load pin(s).
INFO: [Project 1-111] Unisim Transformation Summary:
No Unisim elements were transformed.

14 Infos, 22 Warnings, 0 Critical Warnings and 0 Errors encountered.
synth_design completed successfully
synth_design: Time (s): cpu = 00:00:21 ; elapsed = 00:00:21 . Memory (MB): peak = 1517.781 ; gain = 424.738 ; free physical = 213 ; free virtual = 26721
INFO: [Common 17-1381] The checkpoint '/home/ebrahim/vivado/Lab1/mixed_approach/mixed_approach.runs/Lab1_sf_screen_object_0_0_synth_1/Lab1_sf_screen_object_0_0.dcp' has been generated.
INFO: [Coretcl 2-1482] Added synthesis output to IP cache for IP /home/ebrahim/vivado/Lab1/mixed_approach/mixed_approach.srcs/sources_1/bd/Lab1_sf/ip/Lab1_sf_screen_object_0_0/Lab1_sf_screen_object_0_0.xci
INFO: [Common 17-1381] The checkpoint '/home/ebrahim/vivado/Lab1/mixed_approach/mixed_approach.runs/Lab1_sf_screen_object_0_0_synth_1/Lab1_sf_screen_object_0_0.dcp' has been generated.
report_utilization: Time (s): cpu = 00:00:00.11 ; elapsed = 00:00:00.13 . Memory (MB): peak = 1517.781 ; gain = 0.000 ; free physical = 209 ; free virtual = 26716
INFO: [Common 17-206] Exiting Vivado at Sat Oct 19 20:53:30 2019...
