Copyright 1986-2017 Xilinx, Inc. All Rights Reserved.
--------------------------------------------------------------------------------------------
| Tool Version : Vivado v.2017.2 (lin64) Build 1909853 Thu Jun 15 18:39:10 MDT 2017
| Date         : Sat Oct 19 00:50:27 2019
| Host         : ebrahim93 running 64-bit Ubuntu 16.04.6 LTS
| Command      : report_control_sets -verbose -file Lab1_sf_wrapper_control_sets_placed.rpt
| Design       : Lab1_sf_wrapper
| Device       : xc7z010
--------------------------------------------------------------------------------------------

Control Set Information

Table of Contents
-----------------
1. Summary
2. Flip-Flop Distribution
3. Detailed Control Set Information

1. Summary
----------

+----------------------------------------------------------+-------+
|                          Status                          | Count |
+----------------------------------------------------------+-------+
| Number of unique control sets                            |    63 |
| Unused register locations in slices containing registers |   171 |
+----------------------------------------------------------+-------+


2. Flip-Flop Distribution
-------------------------

+--------------+-----------------------+------------------------+-----------------+--------------+
| Clock Enable | Synchronous Set/Reset | Asynchronous Set/Reset | Total Registers | Total Slices |
+--------------+-----------------------+------------------------+-----------------+--------------+
| No           | No                    | No                     |             228 |           72 |
| No           | No                    | Yes                    |               0 |            0 |
| No           | Yes                   | No                     |             212 |           68 |
| Yes          | No                    | No                     |             430 |           99 |
| Yes          | No                    | Yes                    |               0 |            0 |
| Yes          | Yes                   | No                     |             111 |           34 |
+--------------+-----------------------+------------------------+-----------------+--------------+


3. Detailed Control Set Information
-----------------------------------

+------------------------------------------------+--------------------------------------------------------------------------------------------------------------------------------------------------------------+-----------------------------------------------------------------------------------------------------------------------------------------+------------------+----------------+
|                  Clock Signal                  |                                                                         Enable Signal                                                                        |                                                             Set/Reset Signal                                                            | Slice Load Count | Bel Load Count |
+------------------------------------------------+--------------------------------------------------------------------------------------------------------------------------------------------------------------+-----------------------------------------------------------------------------------------------------------------------------------------+------------------+----------------+
|  Lab1_sf_i/processing_system7_0/inst/FCLK_CLK0 | Lab1_sf_i/ps7_0_axi_periph/s00_couplers/auto_pc/inst/gen_axilite.gen_b2s_conv.axilite_b2s/WR.b_channel_0/bid_fifo_0/bresp_push                               |                                                                                                                                         |                1 |              2 |
|  Lab1_sf_i/processing_system7_0/inst/FCLK_CLK0 | Lab1_sf_i/RGB/U0/AXI_LITE_IPIF_I/I_SLAVE_ATTACHMENT/bus2ip_addr_i[8]_i_1_n_0                                                                                 | Lab1_sf_i/RGB/U0/AXI_LITE_IPIF_I/I_SLAVE_ATTACHMENT/SR                                                                                  |                1 |              4 |
|  Lab1_sf_i/processing_system7_0/inst/FCLK_CLK0 | Lab1_sf_i/leds/U0/AXI_LITE_IPIF_I/I_SLAVE_ATTACHMENT/bus2ip_addr_i[8]_i_1_n_0                                                                                | Lab1_sf_i/leds/U0/AXI_LITE_IPIF_I/I_SLAVE_ATTACHMENT/SR                                                                                 |                1 |              4 |
|  Lab1_sf_i/processing_system7_0/inst/FCLK_CLK0 | Lab1_sf_i/leds/U0/AXI_LITE_IPIF_I/I_SLAVE_ATTACHMENT/s_axi_rdata_i[3]_i_1_n_0                                                                                | Lab1_sf_i/leds/U0/AXI_LITE_IPIF_I/I_SLAVE_ATTACHMENT/SR                                                                                 |                1 |              4 |
|  Lab1_sf_i/processing_system7_0/inst/FCLK_CLK0 | Lab1_sf_i/buttons/U0/AXI_LITE_IPIF_I/I_SLAVE_ATTACHMENT/s_axi_rdata_i[3]_i_1_n_0                                                                             | Lab1_sf_i/buttons/U0/AXI_LITE_IPIF_I/I_SLAVE_ATTACHMENT/SR                                                                              |                1 |              4 |
|  Lab1_sf_i/processing_system7_0/inst/FCLK_CLK0 | Lab1_sf_i/readCol/U0/AXI_LITE_IPIF_I/I_SLAVE_ATTACHMENT/bus2ip_addr_i[8]_i_1_n_0                                                                             | Lab1_sf_i/readCol/U0/AXI_LITE_IPIF_I/I_SLAVE_ATTACHMENT/SR                                                                              |                1 |              4 |
|  Lab1_sf_i/processing_system7_0/inst/FCLK_CLK0 | Lab1_sf_i/buttons/U0/AXI_LITE_IPIF_I/I_SLAVE_ATTACHMENT/bus2ip_addr_i[8]_i_1_n_0                                                                             | Lab1_sf_i/buttons/U0/AXI_LITE_IPIF_I/I_SLAVE_ATTACHMENT/SR                                                                              |                1 |              4 |
|  Lab1_sf_i/processing_system7_0/inst/FCLK_CLK0 | Lab1_sf_i/buttons/U0/AXI_LITE_IPIF_I/I_SLAVE_ATTACHMENT/I_DECODER/Not_Dual.gpio_OE_reg[0][0]                                                                 | Lab1_sf_i/buttons/U0/AXI_LITE_IPIF_I/I_SLAVE_ATTACHMENT/SR                                                                              |                1 |              4 |
|  Lab1_sf_i/processing_system7_0/inst/FCLK_CLK0 |                                                                                                                                                              | Lab1_sf_i/ps7_0_axi_periph/s00_couplers/auto_pc/inst/gen_axilite.gen_b2s_conv.axilite_b2s/SI_REG/aw_pipe/s_ready_i_reg_0                |                3 |              4 |
|  Lab1_sf_i/processing_system7_0/inst/FCLK_CLK0 |                                                                                                                                                              | Lab1_sf_i/ps7_0_axi_periph/s00_couplers/auto_pc/inst/gen_axilite.gen_b2s_conv.axilite_b2s/SI_REG/ar_pipe/m_valid_i_reg_0                |                3 |              4 |
|  Lab1_sf_i/processing_system7_0/inst/FCLK_CLK0 |                                                                                                                                                              | Lab1_sf_i/RGB/U0/AXI_LITE_IPIF_I/I_SLAVE_ATTACHMENT/clear                                                                               |                1 |              4 |
|  Lab1_sf_i/processing_system7_0/inst/FCLK_CLK0 | Lab1_sf_i/readRow/U0/AXI_LITE_IPIF_I/I_SLAVE_ATTACHMENT/bus2ip_addr_i[8]_i_1_n_0                                                                             | Lab1_sf_i/readRow/U0/AXI_LITE_IPIF_I/I_SLAVE_ATTACHMENT/SR                                                                              |                1 |              4 |
|  Lab1_sf_i/processing_system7_0/inst/FCLK_CLK0 |                                                                                                                                                              | Lab1_sf_i/readRow/U0/AXI_LITE_IPIF_I/I_SLAVE_ATTACHMENT/clear                                                                           |                1 |              4 |
|  Lab1_sf_i/processing_system7_0/inst/FCLK_CLK0 |                                                                                                                                                              | Lab1_sf_i/leds/U0/AXI_LITE_IPIF_I/I_SLAVE_ATTACHMENT/clear                                                                              |                2 |              4 |
|  Lab1_sf_i/processing_system7_0/inst/FCLK_CLK0 | Lab1_sf_i/ps7_0_axi_periph/s00_couplers/auto_pc/inst/gen_axilite.gen_b2s_conv.axilite_b2s/RD.ar_channel_0/ar_cmd_fsm_0/axlen_cnt_reg[4][0]                   | Lab1_sf_i/ps7_0_axi_periph/s00_couplers/auto_pc/inst/gen_axilite.gen_b2s_conv.axilite_b2s/RD.ar_channel_0/ar_cmd_fsm_0/axlen_cnt_reg[7] |                1 |              4 |
|  Lab1_sf_i/processing_system7_0/inst/FCLK_CLK0 |                                                                                                                                                              | Lab1_sf_i/leds/U0/AXI_LITE_IPIF_I/I_SLAVE_ATTACHMENT/I_DECODER/Not_Dual.ALLOUT_ND.READ_REG_GEN[0].GPIO_DBus_i_reg[28]                   |                1 |              4 |
|  Lab1_sf_i/processing_system7_0/inst/FCLK_CLK0 |                                                                                                                                                              | Lab1_sf_i/buttons/U0/AXI_LITE_IPIF_I/I_SLAVE_ATTACHMENT/I_DECODER/Not_Dual.ALLIN1_ND.READ_REG_GEN[0].GPIO_DBus_i_reg[28]                |                1 |              4 |
|  Lab1_sf_i/processing_system7_0/inst/FCLK_CLK0 |                                                                                                                                                              | Lab1_sf_i/buttons/U0/AXI_LITE_IPIF_I/I_SLAVE_ATTACHMENT/clear                                                                           |                1 |              4 |
|  Lab1_sf_i/processing_system7_0/inst/FCLK_CLK0 | Lab1_sf_i/ps7_0_axi_periph/s00_couplers/auto_pc/inst/gen_axilite.gen_b2s_conv.axilite_b2s/WR.aw_channel_0/aw_cmd_fsm_0/axaddr_wrap_reg[0]                    | Lab1_sf_i/ps7_0_axi_periph/s00_couplers/auto_pc/inst/gen_axilite.gen_b2s_conv.axilite_b2s/WR.aw_channel_0/aw_cmd_fsm_0/axlen_cnt_reg[7] |                2 |              4 |
|  Lab1_sf_i/processing_system7_0/inst/FCLK_CLK0 |                                                                                                                                                              | Lab1_sf_i/readCol/U0/AXI_LITE_IPIF_I/I_SLAVE_ATTACHMENT/clear                                                                           |                1 |              4 |
|  Lab1_sf_i/processing_system7_0/inst/FCLK_CLK0 |                                                                                                                                                              | Lab1_sf_i/readCol/U0/AXI_LITE_IPIF_I/I_SLAVE_ATTACHMENT/I_DECODER/Not_Dual.ALLIN1_ND.READ_REG_GEN[0].GPIO_DBus_i_reg[27]                |                2 |              5 |
|  Lab1_sf_i/processing_system7_0/inst/FCLK_CLK0 | Lab1_sf_i/readRow/U0/AXI_LITE_IPIF_I/I_SLAVE_ATTACHMENT/s_axi_rdata_i[4]_i_1_n_0                                                                             | Lab1_sf_i/readRow/U0/AXI_LITE_IPIF_I/I_SLAVE_ATTACHMENT/SR                                                                              |                1 |              5 |
|  Lab1_sf_i/processing_system7_0/inst/FCLK_CLK0 | Lab1_sf_i/readRow/U0/AXI_LITE_IPIF_I/I_SLAVE_ATTACHMENT/I_DECODER/Not_Dual.gpio_OE_reg[0][0]                                                                 | Lab1_sf_i/readRow/U0/AXI_LITE_IPIF_I/I_SLAVE_ATTACHMENT/SR                                                                              |                2 |              5 |
|  Lab1_sf_i/processing_system7_0/inst/FCLK_CLK1 | Lab1_sf_i/VGA_SYNC_0/U0/pixel_row[9]_i_1_n_0                                                                                                                 |                                                                                                                                         |                2 |              5 |
|  Lab1_sf_i/processing_system7_0/inst/FCLK_CLK1 | Lab1_sf_i/VGA_SYNC_0/U0/pixel_column[9]_i_1_n_0                                                                                                              |                                                                                                                                         |                1 |              5 |
|  Lab1_sf_i/processing_system7_0/inst/FCLK_CLK0 | Lab1_sf_i/readCol/U0/AXI_LITE_IPIF_I/I_SLAVE_ATTACHMENT/I_DECODER/Not_Dual.gpio_OE_reg[0][0]                                                                 | Lab1_sf_i/readCol/U0/AXI_LITE_IPIF_I/I_SLAVE_ATTACHMENT/SR                                                                              |                2 |              5 |
|  Lab1_sf_i/processing_system7_0/inst/FCLK_CLK0 | Lab1_sf_i/readCol/U0/AXI_LITE_IPIF_I/I_SLAVE_ATTACHMENT/s_axi_rdata_i[4]_i_1_n_0                                                                             | Lab1_sf_i/readCol/U0/AXI_LITE_IPIF_I/I_SLAVE_ATTACHMENT/SR                                                                              |                1 |              5 |
|  Lab1_sf_i/processing_system7_0/inst/FCLK_CLK0 |                                                                                                                                                              | Lab1_sf_i/readRow/U0/AXI_LITE_IPIF_I/I_SLAVE_ATTACHMENT/I_DECODER/Not_Dual.ALLIN1_ND.READ_REG_GEN[0].GPIO_DBus_i_reg[27]                |                2 |              5 |
|  Lab1_sf_i/processing_system7_0/inst/FCLK_CLK0 |                                                                                                                                                              | Lab1_sf_i/rst_ps7_0_50M/U0/EXT_LPF/lpf_int                                                                                              |                2 |              5 |
|  Lab1_sf_i/processing_system7_0/inst/FCLK_CLK0 | Lab1_sf_i/rst_ps7_0_50M/U0/SEQ/seq_cnt_en                                                                                                                    | Lab1_sf_i/rst_ps7_0_50M/U0/SEQ/SEQ_COUNTER/clear                                                                                        |                2 |              6 |
|  Lab1_sf_i/processing_system7_0/inst/FCLK_CLK0 | Lab1_sf_i/ps7_0_axi_periph/s00_couplers/auto_pc/inst/gen_axilite.gen_b2s_conv.axilite_b2s/WR.b_channel_0/mhandshake_r                                        | Lab1_sf_i/ps7_0_axi_periph/s00_couplers/auto_pc/inst/gen_axilite.gen_b2s_conv.axilite_b2s/WR.b_channel_0/bid_fifo_0/SR[0]               |                3 |              8 |
|  Lab1_sf_i/processing_system7_0/inst/FCLK_CLK0 | Lab1_sf_i/ps7_0_axi_periph/xbar/inst/gen_sasd.crossbar_sasd_0/reg_slice_r/aa_rready                                                                          |                                                                                                                                         |                2 |              8 |
|  Lab1_sf_i/processing_system7_0/inst/FCLK_CLK0 | Lab1_sf_i/ps7_0_axi_periph/xbar/inst/gen_sasd.crossbar_sasd_0/addr_arbiter_inst/E[0]                                                                         |                                                                                                                                         |                2 |              8 |
|  Lab1_sf_i/processing_system7_0/inst/FCLK_CLK0 | Lab1_sf_i/leds/U0/AXI_LITE_IPIF_I/I_SLAVE_ATTACHMENT/I_DECODER/E[0]                                                                                          | Lab1_sf_i/leds/U0/AXI_LITE_IPIF_I/I_SLAVE_ATTACHMENT/SR                                                                                 |                2 |              8 |
|  Lab1_sf_i/processing_system7_0/inst/FCLK_CLK1 |                                                                                                                                                              | Lab1_sf_i/VGA_SYNC_0/U0/clear                                                                                                           |                4 |             10 |
|  Lab1_sf_i/processing_system7_0/inst/FCLK_CLK1 | Lab1_sf_i/VGA_SYNC_0/U0/sel                                                                                                                                  | Lab1_sf_i/VGA_SYNC_0/U0/v_count0                                                                                                        |                3 |             10 |
|  Lab1_sf_i/processing_system7_0/inst/FCLK_CLK0 | Lab1_sf_i/ps7_0_axi_periph/s00_couplers/auto_pc/inst/gen_axilite.gen_b2s_conv.axilite_b2s/WR.aw_channel_0/cmd_translator_0/incr_cmd_0/axaddr_incr[0]_i_1_n_0 |                                                                                                                                         |                3 |             12 |
|  Lab1_sf_i/processing_system7_0/inst/FCLK_CLK0 | Lab1_sf_i/ps7_0_axi_periph/s00_couplers/auto_pc/inst/gen_axilite.gen_b2s_conv.axilite_b2s/RD.ar_channel_0/ar_cmd_fsm_0/axaddr_incr_reg[11]                   |                                                                                                                                         |                3 |             12 |
|  Lab1_sf_i/processing_system7_0/inst/FCLK_CLK0 | Lab1_sf_i/ps7_0_axi_periph/s00_couplers/auto_pc/inst/gen_axilite.gen_b2s_conv.axilite_b2s/RD.ar_channel_0/ar_cmd_fsm_0/E[0]                                  |                                                                                                                                         |                6 |             12 |
|  Lab1_sf_i/processing_system7_0/inst/FCLK_CLK0 | Lab1_sf_i/ps7_0_axi_periph/s00_couplers/auto_pc/inst/gen_axilite.gen_b2s_conv.axilite_b2s/WR.aw_channel_0/aw_cmd_fsm_0/E[0]                                  |                                                                                                                                         |                3 |             12 |
|  Lab1_sf_i/processing_system7_0/inst/FCLK_CLK0 |                                                                                                                                                              | Lab1_sf_i/ps7_0_axi_periph/xbar/inst/gen_sasd.crossbar_sasd_0/addr_arbiter_inst/SR[0]                                                   |                5 |             13 |
|  Lab1_sf_i/processing_system7_0/inst/FCLK_CLK0 | Lab1_sf_i/ps7_0_axi_periph/s00_couplers/auto_pc/inst/gen_axilite.gen_b2s_conv.axilite_b2s/RD.r_channel_0/r_push_r                                            |                                                                                                                                         |                5 |             13 |
|  Lab1_sf_i/processing_system7_0/inst/FCLK_CLK0 | Lab1_sf_i/ps7_0_axi_periph/s00_couplers/auto_pc/inst/gen_axilite.gen_b2s_conv.axilite_b2s/SI_REG/b_pipe/p_1_in                                               |                                                                                                                                         |                2 |             14 |
|  Lab1_sf_i/processing_system7_0/inst/FCLK_CLK0 | Lab1_sf_i/ps7_0_axi_periph/s00_couplers/auto_pc/inst/gen_axilite.gen_b2s_conv.axilite_b2s/SI_REG/b_pipe/skid_buffer_reg[0]_0                                 |                                                                                                                                         |                2 |             14 |
|  Lab1_sf_i/processing_system7_0/inst/FCLK_CLK0 |                                                                                                                                                              | Lab1_sf_i/leds/U0/AXI_LITE_IPIF_I/I_SLAVE_ATTACHMENT/SR                                                                                 |                5 |             15 |
|  Lab1_sf_i/processing_system7_0/inst/FCLK_CLK0 |                                                                                                                                                              | Lab1_sf_i/buttons/U0/AXI_LITE_IPIF_I/I_SLAVE_ATTACHMENT/SR                                                                              |                5 |             15 |
|  Lab1_sf_i/processing_system7_0/inst/FCLK_CLK0 |                                                                                                                                                              | Lab1_sf_i/readRow/U0/AXI_LITE_IPIF_I/I_SLAVE_ATTACHMENT/SR                                                                              |                4 |             16 |
|  Lab1_sf_i/processing_system7_0/inst/FCLK_CLK0 | Lab1_sf_i/ps7_0_axi_periph/s00_couplers/auto_pc/inst/gen_axilite.gen_b2s_conv.axilite_b2s/WR.aw_channel_0/aw_cmd_fsm_0/b_push                                |                                                                                                                                         |                3 |             16 |
|  Lab1_sf_i/processing_system7_0/inst/FCLK_CLK0 |                                                                                                                                                              | Lab1_sf_i/readCol/U0/AXI_LITE_IPIF_I/I_SLAVE_ATTACHMENT/SR                                                                              |                4 |             16 |
|  Lab1_sf_i/processing_system7_0/inst/FCLK_CLK0 | Lab1_sf_i/ps7_0_axi_periph/xbar/inst/gen_sasd.crossbar_sasd_0/addr_arbiter_inst/p_0_in1_in                                                                   | Lab1_sf_i/ps7_0_axi_periph/xbar/inst/gen_sasd.crossbar_sasd_0/addr_arbiter_inst/SR[0]                                                   |                7 |             19 |
|  Lab1_sf_i/processing_system7_0/inst/FCLK_CLK0 |                                                                                                                                                              | Lab1_sf_i/RGB/U0/AXI_LITE_IPIF_I/I_SLAVE_ATTACHMENT/SR                                                                                  |                8 |             20 |
|  Lab1_sf_i/processing_system7_0/inst/FCLK_CLK0 | Lab1_sf_i/ps7_0_axi_periph/s00_couplers/auto_pc/inst/gen_axilite.gen_b2s_conv.axilite_b2s/WR.aw_channel_0/aw_cmd_fsm_0/axaddr_wrap_reg[0]                    |                                                                                                                                         |                8 |             21 |
|  Lab1_sf_i/processing_system7_0/inst/FCLK_CLK0 | Lab1_sf_i/ps7_0_axi_periph/s00_couplers/auto_pc/inst/gen_axilite.gen_b2s_conv.axilite_b2s/RD.ar_channel_0/ar_cmd_fsm_0/axlen_cnt_reg[4][0]                   |                                                                                                                                         |                7 |             21 |
|  Lab1_sf_i/processing_system7_0/inst/FCLK_CLK1 |                                                                                                                                                              |                                                                                                                                         |               11 |             25 |
|  Lab1_sf_i/processing_system7_0/inst/FCLK_CLK0 | Lab1_sf_i/ps7_0_axi_periph/s00_couplers/auto_pc/inst/gen_axilite.gen_b2s_conv.axilite_b2s/RD.r_channel_0/rd_data_fifo_0/wr_en0                               |                                                                                                                                         |                9 |             34 |
|  Lab1_sf_i/processing_system7_0/inst/FCLK_CLK0 | Lab1_sf_i/ps7_0_axi_periph/s00_couplers/auto_pc/inst/gen_axilite.gen_b2s_conv.axilite_b2s/SI_REG/r_pipe/p_1_in                                               |                                                                                                                                         |                8 |             47 |
|  Lab1_sf_i/processing_system7_0/inst/FCLK_CLK0 | Lab1_sf_i/ps7_0_axi_periph/s00_couplers/auto_pc/inst/gen_axilite.gen_b2s_conv.axilite_b2s/SI_REG/r_pipe/skid_buffer_reg[0]_0                                 |                                                                                                                                         |               11 |             47 |
|  Lab1_sf_i/processing_system7_0/inst/FCLK_CLK0 | Lab1_sf_i/ps7_0_axi_periph/s00_couplers/auto_pc/inst/gen_axilite.gen_b2s_conv.axilite_b2s/SI_REG/ar_pipe/s_axi_arready                                       |                                                                                                                                         |               12 |             48 |
|  Lab1_sf_i/processing_system7_0/inst/FCLK_CLK0 | Lab1_sf_i/ps7_0_axi_periph/s00_couplers/auto_pc/inst/gen_axilite.gen_b2s_conv.axilite_b2s/WR.aw_channel_0/aw_cmd_fsm_0/m_payload_i_reg[0][0]                 |                                                                                                                                         |                9 |             48 |
|  Lab1_sf_i/processing_system7_0/inst/FCLK_CLK0 | Lab1_sf_i/ps7_0_axi_periph/s00_couplers/auto_pc/inst/gen_axilite.gen_b2s_conv.axilite_b2s/SI_REG/aw_pipe/s_axi_awready                                       |                                                                                                                                         |               10 |             48 |
|  Lab1_sf_i/processing_system7_0/inst/FCLK_CLK0 | Lab1_sf_i/ps7_0_axi_periph/s00_couplers/auto_pc/inst/gen_axilite.gen_b2s_conv.axilite_b2s/RD.ar_channel_0/ar_cmd_fsm_0/m_payload_i_reg[0]_1[0]               |                                                                                                                                         |                8 |             48 |
|  Lab1_sf_i/processing_system7_0/inst/FCLK_CLK0 |                                                                                                                                                              | Lab1_sf_i/ps7_0_axi_periph/s00_couplers/auto_pc/inst/gen_axilite.gen_b2s_conv.axilite_b2s/areset_d1                                     |               13 |             56 |
|  Lab1_sf_i/processing_system7_0/inst/FCLK_CLK0 |                                                                                                                                                              |                                                                                                                                         |               62 |            204 |
+------------------------------------------------+--------------------------------------------------------------------------------------------------------------------------------------------------------------+-----------------------------------------------------------------------------------------------------------------------------------------+------------------+----------------+


+--------+-----------------------+
| Fanout | Number of ControlSets |
+--------+-----------------------+
| 2      |                     1 |
| 4      |                    19 |
| 5      |                     9 |
| 6      |                     1 |
| 8      |                     4 |
| 10     |                     2 |
| 12     |                     4 |
| 13     |                     2 |
| 14     |                     2 |
| 15     |                     2 |
| 16+    |                    17 |
+--------+-----------------------+


