
*** Running vivado
    with args -log Lab1_sf_xbar_0.vds -m64 -product Vivado -mode batch -messageDb vivado.pb -notrace -source Lab1_sf_xbar_0.tcl


****** Vivado v2017.2 (64-bit)
  **** SW Build 1909853 on Thu Jun 15 18:39:10 MDT 2017
  **** IP Build 1909766 on Thu Jun 15 19:58:00 MDT 2017
    ** Copyright 1986-2017 Xilinx, Inc. All Rights Reserved.

source Lab1_sf_xbar_0.tcl -notrace
Starting RTL Elaboration : Time (s): cpu = 00:00:05 ; elapsed = 00:00:06 . Memory (MB): peak = 1190.645 ; gain = 78.996 ; free physical = 5195 ; free virtual = 29638
INFO: [Synth 8-638] synthesizing module 'Lab1_sf_xbar_0' [/home/ebrahim/vivado/Lab1/Lab1_sf/Lab1_sf.srcs/sources_1/bd/Lab1_sf/ip/Lab1_sf_xbar_0/synth/Lab1_sf_xbar_0.v:59]
INFO: [Synth 8-638] synthesizing module 'axi_crossbar_v2_1_14_axi_crossbar' [/home/ebrahim/vivado/Lab1/Lab1_sf/Lab1_sf.srcs/sources_1/bd/Lab1_sf/ipshared/f582/hdl/axi_crossbar_v2_1_vl_rfs.v:4882]
INFO: [Synth 8-638] synthesizing module 'axi_crossbar_v2_1_14_crossbar_sasd' [/home/ebrahim/vivado/Lab1/Lab1_sf/Lab1_sf.srcs/sources_1/bd/Lab1_sf/ipshared/f582/hdl/axi_crossbar_v2_1_vl_rfs.v:1240]
INFO: [Synth 8-638] synthesizing module 'axi_crossbar_v2_1_14_addr_decoder' [/home/ebrahim/vivado/Lab1/Lab1_sf/Lab1_sf.srcs/sources_1/bd/Lab1_sf/ipshared/f582/hdl/axi_crossbar_v2_1_vl_rfs.v:794]
INFO: [Synth 8-638] synthesizing module 'generic_baseblocks_v2_1_0_comparator_static' [/home/ebrahim/vivado/Lab1/Lab1_sf/Lab1_sf.srcs/sources_1/bd/Lab1_sf/ipshared/f9c1/hdl/generic_baseblocks_v2_1_vl_rfs.v:2133]
INFO: [Synth 8-638] synthesizing module 'generic_baseblocks_v2_1_0_carry_and' [/home/ebrahim/vivado/Lab1/Lab1_sf/Lab1_sf.srcs/sources_1/bd/Lab1_sf/ipshared/f9c1/hdl/generic_baseblocks_v2_1_vl_rfs.v:62]
INFO: [Synth 8-256] done synthesizing module 'generic_baseblocks_v2_1_0_carry_and' (1#1) [/home/ebrahim/vivado/Lab1/Lab1_sf/Lab1_sf.srcs/sources_1/bd/Lab1_sf/ipshared/f9c1/hdl/generic_baseblocks_v2_1_vl_rfs.v:62]
INFO: [Synth 8-256] done synthesizing module 'generic_baseblocks_v2_1_0_comparator_static' (2#1) [/home/ebrahim/vivado/Lab1/Lab1_sf/Lab1_sf.srcs/sources_1/bd/Lab1_sf/ipshared/f9c1/hdl/generic_baseblocks_v2_1_vl_rfs.v:2133]
INFO: [Synth 8-638] synthesizing module 'generic_baseblocks_v2_1_0_comparator_static__parameterized0' [/home/ebrahim/vivado/Lab1/Lab1_sf/Lab1_sf.srcs/sources_1/bd/Lab1_sf/ipshared/f9c1/hdl/generic_baseblocks_v2_1_vl_rfs.v:2133]
INFO: [Synth 8-256] done synthesizing module 'generic_baseblocks_v2_1_0_comparator_static__parameterized0' (2#1) [/home/ebrahim/vivado/Lab1/Lab1_sf/Lab1_sf.srcs/sources_1/bd/Lab1_sf/ipshared/f9c1/hdl/generic_baseblocks_v2_1_vl_rfs.v:2133]
INFO: [Synth 8-638] synthesizing module 'generic_baseblocks_v2_1_0_comparator_static__parameterized1' [/home/ebrahim/vivado/Lab1/Lab1_sf/Lab1_sf.srcs/sources_1/bd/Lab1_sf/ipshared/f9c1/hdl/generic_baseblocks_v2_1_vl_rfs.v:2133]
INFO: [Synth 8-256] done synthesizing module 'generic_baseblocks_v2_1_0_comparator_static__parameterized1' (2#1) [/home/ebrahim/vivado/Lab1/Lab1_sf/Lab1_sf.srcs/sources_1/bd/Lab1_sf/ipshared/f9c1/hdl/generic_baseblocks_v2_1_vl_rfs.v:2133]
INFO: [Synth 8-638] synthesizing module 'generic_baseblocks_v2_1_0_comparator_static__parameterized2' [/home/ebrahim/vivado/Lab1/Lab1_sf/Lab1_sf.srcs/sources_1/bd/Lab1_sf/ipshared/f9c1/hdl/generic_baseblocks_v2_1_vl_rfs.v:2133]
INFO: [Synth 8-256] done synthesizing module 'generic_baseblocks_v2_1_0_comparator_static__parameterized2' (2#1) [/home/ebrahim/vivado/Lab1/Lab1_sf/Lab1_sf.srcs/sources_1/bd/Lab1_sf/ipshared/f9c1/hdl/generic_baseblocks_v2_1_vl_rfs.v:2133]
INFO: [Synth 8-638] synthesizing module 'generic_baseblocks_v2_1_0_comparator_static__parameterized3' [/home/ebrahim/vivado/Lab1/Lab1_sf/Lab1_sf.srcs/sources_1/bd/Lab1_sf/ipshared/f9c1/hdl/generic_baseblocks_v2_1_vl_rfs.v:2133]
INFO: [Synth 8-256] done synthesizing module 'generic_baseblocks_v2_1_0_comparator_static__parameterized3' (2#1) [/home/ebrahim/vivado/Lab1/Lab1_sf/Lab1_sf.srcs/sources_1/bd/Lab1_sf/ipshared/f9c1/hdl/generic_baseblocks_v2_1_vl_rfs.v:2133]
INFO: [Synth 8-256] done synthesizing module 'axi_crossbar_v2_1_14_addr_decoder' (3#1) [/home/ebrahim/vivado/Lab1/Lab1_sf/Lab1_sf.srcs/sources_1/bd/Lab1_sf/ipshared/f582/hdl/axi_crossbar_v2_1_vl_rfs.v:794]
INFO: [Synth 8-638] synthesizing module 'axi_crossbar_v2_1_14_decerr_slave' [/home/ebrahim/vivado/Lab1/Lab1_sf/Lab1_sf.srcs/sources_1/bd/Lab1_sf/ipshared/f582/hdl/axi_crossbar_v2_1_vl_rfs.v:3500]
INFO: [Synth 8-256] done synthesizing module 'axi_crossbar_v2_1_14_decerr_slave' (4#1) [/home/ebrahim/vivado/Lab1/Lab1_sf/Lab1_sf.srcs/sources_1/bd/Lab1_sf/ipshared/f582/hdl/axi_crossbar_v2_1_vl_rfs.v:3500]
INFO: [Synth 8-638] synthesizing module 'axi_crossbar_v2_1_14_addr_arbiter_sasd' [/home/ebrahim/vivado/Lab1/Lab1_sf/Lab1_sf.srcs/sources_1/bd/Lab1_sf/ipshared/f582/hdl/axi_crossbar_v2_1_vl_rfs.v:65]
INFO: [Synth 8-256] done synthesizing module 'axi_crossbar_v2_1_14_addr_arbiter_sasd' (5#1) [/home/ebrahim/vivado/Lab1/Lab1_sf/Lab1_sf.srcs/sources_1/bd/Lab1_sf/ipshared/f582/hdl/axi_crossbar_v2_1_vl_rfs.v:65]
INFO: [Synth 8-638] synthesizing module 'axi_crossbar_v2_1_14_splitter' [/home/ebrahim/vivado/Lab1/Lab1_sf/Lab1_sf.srcs/sources_1/bd/Lab1_sf/ipshared/f582/hdl/axi_crossbar_v2_1_vl_rfs.v:4459]
INFO: [Synth 8-256] done synthesizing module 'axi_crossbar_v2_1_14_splitter' (6#1) [/home/ebrahim/vivado/Lab1/Lab1_sf/Lab1_sf.srcs/sources_1/bd/Lab1_sf/ipshared/f582/hdl/axi_crossbar_v2_1_vl_rfs.v:4459]
INFO: [Synth 8-638] synthesizing module 'axi_crossbar_v2_1_14_splitter__parameterized0' [/home/ebrahim/vivado/Lab1/Lab1_sf/Lab1_sf.srcs/sources_1/bd/Lab1_sf/ipshared/f582/hdl/axi_crossbar_v2_1_vl_rfs.v:4459]
INFO: [Synth 8-256] done synthesizing module 'axi_crossbar_v2_1_14_splitter__parameterized0' (6#1) [/home/ebrahim/vivado/Lab1/Lab1_sf/Lab1_sf.srcs/sources_1/bd/Lab1_sf/ipshared/f582/hdl/axi_crossbar_v2_1_vl_rfs.v:4459]
INFO: [Synth 8-638] synthesizing module 'generic_baseblocks_v2_1_0_mux_enc' [/home/ebrahim/vivado/Lab1/Lab1_sf/Lab1_sf.srcs/sources_1/bd/Lab1_sf/ipshared/f9c1/hdl/generic_baseblocks_v2_1_vl_rfs.v:2452]
INFO: [Synth 8-256] done synthesizing module 'generic_baseblocks_v2_1_0_mux_enc' (7#1) [/home/ebrahim/vivado/Lab1/Lab1_sf/Lab1_sf.srcs/sources_1/bd/Lab1_sf/ipshared/f9c1/hdl/generic_baseblocks_v2_1_vl_rfs.v:2452]
INFO: [Synth 8-638] synthesizing module 'generic_baseblocks_v2_1_0_mux_enc__parameterized0' [/home/ebrahim/vivado/Lab1/Lab1_sf/Lab1_sf.srcs/sources_1/bd/Lab1_sf/ipshared/f9c1/hdl/generic_baseblocks_v2_1_vl_rfs.v:2452]
INFO: [Synth 8-256] done synthesizing module 'generic_baseblocks_v2_1_0_mux_enc__parameterized0' (7#1) [/home/ebrahim/vivado/Lab1/Lab1_sf/Lab1_sf.srcs/sources_1/bd/Lab1_sf/ipshared/f9c1/hdl/generic_baseblocks_v2_1_vl_rfs.v:2452]
INFO: [Synth 8-638] synthesizing module 'generic_baseblocks_v2_1_0_mux_enc__parameterized1' [/home/ebrahim/vivado/Lab1/Lab1_sf/Lab1_sf.srcs/sources_1/bd/Lab1_sf/ipshared/f9c1/hdl/generic_baseblocks_v2_1_vl_rfs.v:2452]
INFO: [Synth 8-256] done synthesizing module 'generic_baseblocks_v2_1_0_mux_enc__parameterized1' (7#1) [/home/ebrahim/vivado/Lab1/Lab1_sf/Lab1_sf.srcs/sources_1/bd/Lab1_sf/ipshared/f9c1/hdl/generic_baseblocks_v2_1_vl_rfs.v:2452]
INFO: [Synth 8-638] synthesizing module 'axi_register_slice_v2_1_13_axic_register_slice' [/home/ebrahim/vivado/Lab1/Lab1_sf/Lab1_sf.srcs/sources_1/bd/Lab1_sf/ipshared/55c0/hdl/axi_register_slice_v2_1_vl_rfs.v:85]
INFO: [Synth 8-256] done synthesizing module 'axi_register_slice_v2_1_13_axic_register_slice' (8#1) [/home/ebrahim/vivado/Lab1/Lab1_sf/Lab1_sf.srcs/sources_1/bd/Lab1_sf/ipshared/55c0/hdl/axi_register_slice_v2_1_vl_rfs.v:85]
INFO: [Synth 8-638] synthesizing module 'generic_baseblocks_v2_1_0_mux_enc__parameterized2' [/home/ebrahim/vivado/Lab1/Lab1_sf/Lab1_sf.srcs/sources_1/bd/Lab1_sf/ipshared/f9c1/hdl/generic_baseblocks_v2_1_vl_rfs.v:2452]
INFO: [Synth 8-256] done synthesizing module 'generic_baseblocks_v2_1_0_mux_enc__parameterized2' (8#1) [/home/ebrahim/vivado/Lab1/Lab1_sf/Lab1_sf.srcs/sources_1/bd/Lab1_sf/ipshared/f9c1/hdl/generic_baseblocks_v2_1_vl_rfs.v:2452]
INFO: [Synth 8-256] done synthesizing module 'axi_crossbar_v2_1_14_crossbar_sasd' (9#1) [/home/ebrahim/vivado/Lab1/Lab1_sf/Lab1_sf.srcs/sources_1/bd/Lab1_sf/ipshared/f582/hdl/axi_crossbar_v2_1_vl_rfs.v:1240]
INFO: [Synth 8-256] done synthesizing module 'axi_crossbar_v2_1_14_axi_crossbar' (10#1) [/home/ebrahim/vivado/Lab1/Lab1_sf/Lab1_sf.srcs/sources_1/bd/Lab1_sf/ipshared/f582/hdl/axi_crossbar_v2_1_vl_rfs.v:4882]
INFO: [Synth 8-256] done synthesizing module 'Lab1_sf_xbar_0' (11#1) [/home/ebrahim/vivado/Lab1/Lab1_sf/Lab1_sf.srcs/sources_1/bd/Lab1_sf/ip/Lab1_sf_xbar_0/synth/Lab1_sf_xbar_0.v:59]
Finished RTL Elaboration : Time (s): cpu = 00:00:11 ; elapsed = 00:00:11 . Memory (MB): peak = 1311.145 ; gain = 199.496 ; free physical = 4799 ; free virtual = 29276
Finished RTL Optimization Phase 1 : Time (s): cpu = 00:00:11 ; elapsed = 00:00:11 . Memory (MB): peak = 1311.145 ; gain = 199.496 ; free physical = 4780 ; free virtual = 29265
INFO: [Device 21-403] Loading part xc7z010clg400-1
Constraint Validation Runtime : Time (s): cpu = 00:00:00.08 ; elapsed = 00:00:00.07 . Memory (MB): peak = 1585.184 ; gain = 0.000 ; free physical = 4563 ; free virtual = 29056
Finished Constraint Validation : Time (s): cpu = 00:00:25 ; elapsed = 00:00:26 . Memory (MB): peak = 1585.184 ; gain = 473.535 ; free physical = 4550 ; free virtual = 29045
Finished Loading Part and Timing Information : Time (s): cpu = 00:00:25 ; elapsed = 00:00:26 . Memory (MB): peak = 1585.184 ; gain = 473.535 ; free physical = 4550 ; free virtual = 29045
Finished applying 'set_property' XDC Constraints : Time (s): cpu = 00:00:25 ; elapsed = 00:00:26 . Memory (MB): peak = 1585.184 ; gain = 473.535 ; free physical = 4552 ; free virtual = 29046
Finished RTL Optimization Phase 2 : Time (s): cpu = 00:00:26 ; elapsed = 00:00:27 . Memory (MB): peak = 1585.184 ; gain = 473.535 ; free physical = 4536 ; free virtual = 29030
Finished Cross Boundary and Area Optimization : Time (s): cpu = 00:00:28 ; elapsed = 00:00:29 . Memory (MB): peak = 1585.184 ; gain = 473.535 ; free physical = 4467 ; free virtual = 28962
Finished Applying XDC Timing Constraints : Time (s): cpu = 00:00:41 ; elapsed = 00:00:42 . Memory (MB): peak = 1585.184 ; gain = 473.535 ; free physical = 4619 ; free virtual = 29118
Finished Timing Optimization : Time (s): cpu = 00:00:41 ; elapsed = 00:00:43 . Memory (MB): peak = 1585.184 ; gain = 473.535 ; free physical = 4563 ; free virtual = 29062
Finished Technology Mapping : Time (s): cpu = 00:00:42 ; elapsed = 00:00:43 . Memory (MB): peak = 1585.184 ; gain = 473.535 ; free physical = 4533 ; free virtual = 29033
Finished IO Insertion : Time (s): cpu = 00:00:42 ; elapsed = 00:00:44 . Memory (MB): peak = 1585.184 ; gain = 473.535 ; free physical = 4700 ; free virtual = 29200
Finished Renaming Generated Instances : Time (s): cpu = 00:00:42 ; elapsed = 00:00:44 . Memory (MB): peak = 1585.184 ; gain = 473.535 ; free physical = 4700 ; free virtual = 29200
Finished Rebuilding User Hierarchy : Time (s): cpu = 00:00:43 ; elapsed = 00:00:44 . Memory (MB): peak = 1585.184 ; gain = 473.535 ; free physical = 4697 ; free virtual = 29197
Finished Renaming Generated Ports : Time (s): cpu = 00:00:43 ; elapsed = 00:00:44 . Memory (MB): peak = 1585.184 ; gain = 473.535 ; free physical = 4697 ; free virtual = 29197
Finished Handling Custom Attributes : Time (s): cpu = 00:00:43 ; elapsed = 00:00:44 . Memory (MB): peak = 1585.184 ; gain = 473.535 ; free physical = 4693 ; free virtual = 29193
Finished Renaming Generated Nets : Time (s): cpu = 00:00:43 ; elapsed = 00:00:44 . Memory (MB): peak = 1585.184 ; gain = 473.535 ; free physical = 4692 ; free virtual = 29192

Report Cell Usage: 
+------+-----+------+
|      |Cell |Count |
+------+-----+------+
|1     |LUT1 |     2|
|2     |LUT2 |    11|
|3     |LUT3 |    45|
|4     |LUT4 |    52|
|5     |LUT5 |    36|
|6     |LUT6 |    94|
|7     |FDRE |   134|
+------+-----+------+
Finished Writing Synthesis Report : Time (s): cpu = 00:00:43 ; elapsed = 00:00:44 . Memory (MB): peak = 1585.184 ; gain = 473.535 ; free physical = 4692 ; free virtual = 29192
synth_design: Time (s): cpu = 00:00:45 ; elapsed = 00:00:45 . Memory (MB): peak = 1593.191 ; gain = 494.129 ; free physical = 4688 ; free virtual = 29188
