
*** Running vivado
    with args -log Lab1_sf_xlslice_0_1.vds -m64 -product Vivado -mode batch -messageDb vivado.pb -notrace -source Lab1_sf_xlslice_0_1.tcl


****** Vivado v2017.2 (64-bit)
  **** SW Build 1909853 on Thu Jun 15 18:39:10 MDT 2017
  **** IP Build 1909766 on Thu Jun 15 19:58:00 MDT 2017
    ** Copyright 1986-2017 Xilinx, Inc. All Rights Reserved.

source Lab1_sf_xlslice_0_1.tcl -notrace
Starting RTL Elaboration : Time (s): cpu = 00:00:04 ; elapsed = 00:00:04 . Memory (MB): peak = 1174.625 ; gain = 68.996 ; free physical = 5327 ; free virtual = 29768
INFO: [Synth 8-638] synthesizing module 'Lab1_sf_xlslice_0_1' [/home/ebrahim/vivado/Lab1/Lab1_sf/Lab1_sf.srcs/sources_1/bd/Lab1_sf/ip/Lab1_sf_xlslice_0_1/synth/Lab1_sf_xlslice_0_1.v:57]
INFO: [Synth 8-638] synthesizing module 'xlslice_v1_0_1_xlslice' [/home/ebrahim/vivado/Lab1/Lab1_sf/Lab1_sf.srcs/sources_1/bd/Lab1_sf/ipshared/bb23/hdl/xlslice_v1_0_vl_rfs.v:13]
INFO: [Synth 8-256] done synthesizing module 'xlslice_v1_0_1_xlslice' (1#1) [/home/ebrahim/vivado/Lab1/Lab1_sf/Lab1_sf.srcs/sources_1/bd/Lab1_sf/ipshared/bb23/hdl/xlslice_v1_0_vl_rfs.v:13]
INFO: [Synth 8-256] done synthesizing module 'Lab1_sf_xlslice_0_1' (2#1) [/home/ebrahim/vivado/Lab1/Lab1_sf/Lab1_sf.srcs/sources_1/bd/Lab1_sf/ip/Lab1_sf_xlslice_0_1/synth/Lab1_sf_xlslice_0_1.v:57]
Finished RTL Elaboration : Time (s): cpu = 00:00:05 ; elapsed = 00:00:05 . Memory (MB): peak = 1216.125 ; gain = 110.496 ; free physical = 5277 ; free virtual = 29720
Finished RTL Optimization Phase 1 : Time (s): cpu = 00:00:05 ; elapsed = 00:00:05 . Memory (MB): peak = 1216.125 ; gain = 110.496 ; free physical = 5275 ; free virtual = 29718
INFO: [Device 21-403] Loading part xc7z010clg400-1
Constraint Validation Runtime : Time (s): cpu = 00:00:00.02 ; elapsed = 00:00:00.02 . Memory (MB): peak = 1470.766 ; gain = 1.000 ; free physical = 4743 ; free virtual = 29227
Finished Constraint Validation : Time (s): cpu = 00:00:18 ; elapsed = 00:00:18 . Memory (MB): peak = 1470.766 ; gain = 365.137 ; free physical = 4647 ; free virtual = 29133
Finished Loading Part and Timing Information : Time (s): cpu = 00:00:18 ; elapsed = 00:00:18 . Memory (MB): peak = 1470.766 ; gain = 365.137 ; free physical = 4647 ; free virtual = 29133
Finished applying 'set_property' XDC Constraints : Time (s): cpu = 00:00:18 ; elapsed = 00:00:18 . Memory (MB): peak = 1470.766 ; gain = 365.137 ; free physical = 4648 ; free virtual = 29134
Finished RTL Optimization Phase 2 : Time (s): cpu = 00:00:18 ; elapsed = 00:00:18 . Memory (MB): peak = 1470.766 ; gain = 365.137 ; free physical = 4648 ; free virtual = 29134
Finished Cross Boundary and Area Optimization : Time (s): cpu = 00:00:18 ; elapsed = 00:00:19 . Memory (MB): peak = 1470.766 ; gain = 365.137 ; free physical = 4603 ; free virtual = 29089
Finished Applying XDC Timing Constraints : Time (s): cpu = 00:00:29 ; elapsed = 00:00:30 . Memory (MB): peak = 1483.750 ; gain = 378.121 ; free physical = 4435 ; free virtual = 28930
Finished Timing Optimization : Time (s): cpu = 00:00:29 ; elapsed = 00:00:30 . Memory (MB): peak = 1483.750 ; gain = 378.121 ; free physical = 4435 ; free virtual = 28930
Finished Technology Mapping : Time (s): cpu = 00:00:29 ; elapsed = 00:00:30 . Memory (MB): peak = 1492.766 ; gain = 387.137 ; free physical = 4434 ; free virtual = 28929
Finished IO Insertion : Time (s): cpu = 00:00:30 ; elapsed = 00:00:31 . Memory (MB): peak = 1492.766 ; gain = 387.137 ; free physical = 4421 ; free virtual = 28917
Finished Renaming Generated Instances : Time (s): cpu = 00:00:30 ; elapsed = 00:00:31 . Memory (MB): peak = 1492.766 ; gain = 387.137 ; free physical = 4421 ; free virtual = 28917
Finished Rebuilding User Hierarchy : Time (s): cpu = 00:00:30 ; elapsed = 00:00:31 . Memory (MB): peak = 1492.766 ; gain = 387.137 ; free physical = 4421 ; free virtual = 28917
Finished Renaming Generated Ports : Time (s): cpu = 00:00:31 ; elapsed = 00:00:31 . Memory (MB): peak = 1492.766 ; gain = 387.137 ; free physical = 4421 ; free virtual = 28917
Finished Handling Custom Attributes : Time (s): cpu = 00:00:31 ; elapsed = 00:00:31 . Memory (MB): peak = 1492.766 ; gain = 387.137 ; free physical = 4421 ; free virtual = 28916
Finished Renaming Generated Nets : Time (s): cpu = 00:00:31 ; elapsed = 00:00:31 . Memory (MB): peak = 1492.766 ; gain = 387.137 ; free physical = 4421 ; free virtual = 28916

Report Cell Usage: 
+-+-----+------+
| |Cell |Count |
+-+-----+------+
+-+-----+------+
Finished Writing Synthesis Report : Time (s): cpu = 00:00:31 ; elapsed = 00:00:31 . Memory (MB): peak = 1492.766 ; gain = 387.137 ; free physical = 4421 ; free virtual = 28916
synth_design: Time (s): cpu = 00:00:32 ; elapsed = 00:00:33 . Memory (MB): peak = 1498.766 ; gain = 405.723 ; free physical = 4419 ; free virtual = 28915
