
*** Running vivado
    with args -log Lab1_sf_xlconstant_0_0.vds -m64 -product Vivado -mode batch -messageDb vivado.pb -notrace -source Lab1_sf_xlconstant_0_0.tcl


****** Vivado v2017.2 (64-bit)
  **** SW Build 1909853 on Thu Jun 15 18:39:10 MDT 2017
  **** IP Build 1909766 on Thu Jun 15 19:58:00 MDT 2017
    ** Copyright 1986-2017 Xilinx, Inc. All Rights Reserved.

source Lab1_sf_xlconstant_0_0.tcl -notrace
Starting RTL Elaboration : Time (s): cpu = 00:00:04 ; elapsed = 00:00:04 . Memory (MB): peak = 1172.629 ; gain = 67.996 ; free physical = 162 ; free virtual = 27580
INFO: [Synth 8-638] synthesizing module 'Lab1_sf_xlconstant_0_0' [/home/ebrahim/vivado/Lab1/mixed_approach/mixed_approach.srcs/sources_1/bd/Lab1_sf/ip/Lab1_sf_xlconstant_0_0/synth/Lab1_sf_xlconstant_0_0.v:57]
INFO: [Synth 8-638] synthesizing module 'xlconstant_v1_1_3_xlconstant' [/home/ebrahim/vivado/Lab1/mixed_approach/mixed_approach.srcs/sources_1/bd/Lab1_sf/ipshared/45df/hdl/xlconstant_v1_1_vl_rfs.v:23]
INFO: [Synth 8-256] done synthesizing module 'xlconstant_v1_1_3_xlconstant' (1#1) [/home/ebrahim/vivado/Lab1/mixed_approach/mixed_approach.srcs/sources_1/bd/Lab1_sf/ipshared/45df/hdl/xlconstant_v1_1_vl_rfs.v:23]
INFO: [Synth 8-256] done synthesizing module 'Lab1_sf_xlconstant_0_0' (2#1) [/home/ebrahim/vivado/Lab1/mixed_approach/mixed_approach.srcs/sources_1/bd/Lab1_sf/ip/Lab1_sf_xlconstant_0_0/synth/Lab1_sf_xlconstant_0_0.v:57]
Finished RTL Elaboration : Time (s): cpu = 00:00:04 ; elapsed = 00:00:05 . Memory (MB): peak = 1213.129 ; gain = 108.496 ; free physical = 207 ; free virtual = 27518
Finished RTL Optimization Phase 1 : Time (s): cpu = 00:00:04 ; elapsed = 00:00:05 . Memory (MB): peak = 1213.129 ; gain = 108.496 ; free physical = 234 ; free virtual = 27544
INFO: [Device 21-403] Loading part xc7z010clg400-1
Constraint Validation Runtime : Time (s): cpu = 00:00:00.01 ; elapsed = 00:00:00.02 . Memory (MB): peak = 1462.762 ; gain = 0.000 ; free physical = 243 ; free virtual = 27023
Finished Constraint Validation : Time (s): cpu = 00:00:13 ; elapsed = 00:00:13 . Memory (MB): peak = 1462.762 ; gain = 358.129 ; free physical = 192 ; free virtual = 26972
Finished Loading Part and Timing Information : Time (s): cpu = 00:00:13 ; elapsed = 00:00:13 . Memory (MB): peak = 1462.762 ; gain = 358.129 ; free physical = 192 ; free virtual = 26972
Finished applying 'set_property' XDC Constraints : Time (s): cpu = 00:00:13 ; elapsed = 00:00:13 . Memory (MB): peak = 1462.762 ; gain = 358.129 ; free physical = 193 ; free virtual = 26973
Finished RTL Optimization Phase 2 : Time (s): cpu = 00:00:13 ; elapsed = 00:00:13 . Memory (MB): peak = 1462.762 ; gain = 358.129 ; free physical = 193 ; free virtual = 26972
Finished Cross Boundary and Area Optimization : Time (s): cpu = 00:00:13 ; elapsed = 00:00:13 . Memory (MB): peak = 1462.762 ; gain = 358.129 ; free physical = 216 ; free virtual = 26995
Finished Applying XDC Timing Constraints : Time (s): cpu = 00:00:19 ; elapsed = 00:00:20 . Memory (MB): peak = 1481.746 ; gain = 377.113 ; free physical = 174 ; free virtual = 26722
Finished Timing Optimization : Time (s): cpu = 00:00:19 ; elapsed = 00:00:20 . Memory (MB): peak = 1481.746 ; gain = 377.113 ; free physical = 174 ; free virtual = 26722
Finished Technology Mapping : Time (s): cpu = 00:00:19 ; elapsed = 00:00:20 . Memory (MB): peak = 1490.762 ; gain = 386.129 ; free physical = 171 ; free virtual = 26719
Finished IO Insertion : Time (s): cpu = 00:00:20 ; elapsed = 00:00:20 . Memory (MB): peak = 1490.762 ; gain = 386.129 ; free physical = 171 ; free virtual = 26698
Finished Renaming Generated Instances : Time (s): cpu = 00:00:20 ; elapsed = 00:00:20 . Memory (MB): peak = 1490.762 ; gain = 386.129 ; free physical = 171 ; free virtual = 26698
Finished Rebuilding User Hierarchy : Time (s): cpu = 00:00:20 ; elapsed = 00:00:20 . Memory (MB): peak = 1490.762 ; gain = 386.129 ; free physical = 171 ; free virtual = 26698
Finished Renaming Generated Ports : Time (s): cpu = 00:00:20 ; elapsed = 00:00:20 . Memory (MB): peak = 1490.762 ; gain = 386.129 ; free physical = 171 ; free virtual = 26698
Finished Handling Custom Attributes : Time (s): cpu = 00:00:20 ; elapsed = 00:00:20 . Memory (MB): peak = 1490.762 ; gain = 386.129 ; free physical = 171 ; free virtual = 26697
Finished Renaming Generated Nets : Time (s): cpu = 00:00:20 ; elapsed = 00:00:20 . Memory (MB): peak = 1490.762 ; gain = 386.129 ; free physical = 171 ; free virtual = 26697

Report Cell Usage: 
+-+-----+------+
| |Cell |Count |
+-+-----+------+
+-+-----+------+
Finished Writing Synthesis Report : Time (s): cpu = 00:00:20 ; elapsed = 00:00:20 . Memory (MB): peak = 1490.762 ; gain = 386.129 ; free physical = 171 ; free virtual = 26697
synth_design: Time (s): cpu = 00:00:21 ; elapsed = 00:00:21 . Memory (MB): peak = 1504.762 ; gain = 412.715 ; free physical = 199 ; free virtual = 26706
