
*** Running vivado
    with args -log lab1_ob_axi_gpio_0_2.vds -m64 -product Vivado -mode batch -messageDb vivado.pb -notrace -source lab1_ob_axi_gpio_0_2.tcl


****** Vivado v2017.2 (64-bit)
  **** SW Build 1909853 on Thu Jun 15 18:39:10 MDT 2017
  **** IP Build 1909766 on Thu Jun 15 19:58:00 MDT 2017
    ** Copyright 1986-2017 Xilinx, Inc. All Rights Reserved.

source lab1_ob_axi_gpio_0_2.tcl -notrace
Starting RTL Elaboration : Time (s): cpu = 00:00:03 ; elapsed = 00:00:03 . Memory (MB): peak = 1182.621 ; gain = 75.996 ; free physical = 8107 ; free virtual = 31012
INFO: [Synth 8-638] synthesizing module 'lab1_ob_axi_gpio_0_2' [/home/ebrahim/vivado/Lab1/opcional1/Lab_ob/Lab_ob.srcs/sources_1/bd/lab1_ob/ip/lab1_ob_axi_gpio_0_2/synth/lab1_ob_axi_gpio_0_2.vhd:84]
INFO: [Synth 8-638] synthesizing module 'axi_gpio' [/home/ebrahim/vivado/Lab1/opcional1/Lab_ob/Lab_ob.srcs/sources_1/bd/lab1_ob/ipshared/cb07/hdl/axi_gpio_v2_0_vh_rfs.vhd:1257]
INFO: [Synth 8-638] synthesizing module 'axi_lite_ipif' [/home/ebrahim/vivado/Lab1/opcional1/Lab_ob/Lab_ob.srcs/sources_1/bd/lab1_ob/ipshared/0ba0/hdl/axi_lite_ipif_v3_0_vh_rfs.vhd:2948]
INFO: [Synth 8-638] synthesizing module 'slave_attachment' [/home/ebrahim/vivado/Lab1/opcional1/Lab_ob/Lab_ob.srcs/sources_1/bd/lab1_ob/ipshared/0ba0/hdl/axi_lite_ipif_v3_0_vh_rfs.vhd:2341]
INFO: [Synth 8-638] synthesizing module 'address_decoder' [/home/ebrahim/vivado/Lab1/opcional1/Lab_ob/Lab_ob.srcs/sources_1/bd/lab1_ob/ipshared/0ba0/hdl/axi_lite_ipif_v3_0_vh_rfs.vhd:1775]
INFO: [Synth 8-638] synthesizing module 'pselect_f' [/home/ebrahim/vivado/Lab1/opcional1/Lab_ob/Lab_ob.srcs/sources_1/bd/lab1_ob/ipshared/0ba0/hdl/axi_lite_ipif_v3_0_vh_rfs.vhd:1534]
INFO: [Synth 8-256] done synthesizing module 'pselect_f' (1#1) [/home/ebrahim/vivado/Lab1/opcional1/Lab_ob/Lab_ob.srcs/sources_1/bd/lab1_ob/ipshared/0ba0/hdl/axi_lite_ipif_v3_0_vh_rfs.vhd:1534]
INFO: [Synth 8-638] synthesizing module 'pselect_f__parameterized0' [/home/ebrahim/vivado/Lab1/opcional1/Lab_ob/Lab_ob.srcs/sources_1/bd/lab1_ob/ipshared/0ba0/hdl/axi_lite_ipif_v3_0_vh_rfs.vhd:1534]
INFO: [Synth 8-256] done synthesizing module 'pselect_f__parameterized0' (1#1) [/home/ebrahim/vivado/Lab1/opcional1/Lab_ob/Lab_ob.srcs/sources_1/bd/lab1_ob/ipshared/0ba0/hdl/axi_lite_ipif_v3_0_vh_rfs.vhd:1534]
INFO: [Synth 8-638] synthesizing module 'pselect_f__parameterized1' [/home/ebrahim/vivado/Lab1/opcional1/Lab_ob/Lab_ob.srcs/sources_1/bd/lab1_ob/ipshared/0ba0/hdl/axi_lite_ipif_v3_0_vh_rfs.vhd:1534]
INFO: [Synth 8-256] done synthesizing module 'pselect_f__parameterized1' (1#1) [/home/ebrahim/vivado/Lab1/opcional1/Lab_ob/Lab_ob.srcs/sources_1/bd/lab1_ob/ipshared/0ba0/hdl/axi_lite_ipif_v3_0_vh_rfs.vhd:1534]
INFO: [Synth 8-638] synthesizing module 'pselect_f__parameterized2' [/home/ebrahim/vivado/Lab1/opcional1/Lab_ob/Lab_ob.srcs/sources_1/bd/lab1_ob/ipshared/0ba0/hdl/axi_lite_ipif_v3_0_vh_rfs.vhd:1534]
INFO: [Synth 8-256] done synthesizing module 'pselect_f__parameterized2' (1#1) [/home/ebrahim/vivado/Lab1/opcional1/Lab_ob/Lab_ob.srcs/sources_1/bd/lab1_ob/ipshared/0ba0/hdl/axi_lite_ipif_v3_0_vh_rfs.vhd:1534]
INFO: [Synth 8-256] done synthesizing module 'address_decoder' (2#1) [/home/ebrahim/vivado/Lab1/opcional1/Lab_ob/Lab_ob.srcs/sources_1/bd/lab1_ob/ipshared/0ba0/hdl/axi_lite_ipif_v3_0_vh_rfs.vhd:1775]
INFO: [Synth 8-256] done synthesizing module 'slave_attachment' (3#1) [/home/ebrahim/vivado/Lab1/opcional1/Lab_ob/Lab_ob.srcs/sources_1/bd/lab1_ob/ipshared/0ba0/hdl/axi_lite_ipif_v3_0_vh_rfs.vhd:2341]
INFO: [Synth 8-256] done synthesizing module 'axi_lite_ipif' (4#1) [/home/ebrahim/vivado/Lab1/opcional1/Lab_ob/Lab_ob.srcs/sources_1/bd/lab1_ob/ipshared/0ba0/hdl/axi_lite_ipif_v3_0_vh_rfs.vhd:2948]
INFO: [Synth 8-638] synthesizing module 'GPIO_Core' [/home/ebrahim/vivado/Lab1/opcional1/Lab_ob/Lab_ob.srcs/sources_1/bd/lab1_ob/ipshared/cb07/hdl/axi_gpio_v2_0_vh_rfs.vhd:177]
INFO: [Synth 8-638] synthesizing module 'cdc_sync' [/home/ebrahim/vivado/Lab1/opcional1/Lab_ob/Lab_ob.srcs/sources_1/bd/lab1_ob/ipshared/52cb/hdl/lib_cdc_v1_0_rfs.vhd:106]
INFO: [Synth 8-256] done synthesizing module 'cdc_sync' (5#1) [/home/ebrahim/vivado/Lab1/opcional1/Lab_ob/Lab_ob.srcs/sources_1/bd/lab1_ob/ipshared/52cb/hdl/lib_cdc_v1_0_rfs.vhd:106]
INFO: [Synth 8-256] done synthesizing module 'GPIO_Core' (6#1) [/home/ebrahim/vivado/Lab1/opcional1/Lab_ob/Lab_ob.srcs/sources_1/bd/lab1_ob/ipshared/cb07/hdl/axi_gpio_v2_0_vh_rfs.vhd:177]
INFO: [Synth 8-256] done synthesizing module 'axi_gpio' (7#1) [/home/ebrahim/vivado/Lab1/opcional1/Lab_ob/Lab_ob.srcs/sources_1/bd/lab1_ob/ipshared/cb07/hdl/axi_gpio_v2_0_vh_rfs.vhd:1257]
INFO: [Synth 8-256] done synthesizing module 'lab1_ob_axi_gpio_0_2' (8#1) [/home/ebrahim/vivado/Lab1/opcional1/Lab_ob/Lab_ob.srcs/sources_1/bd/lab1_ob/ip/lab1_ob_axi_gpio_0_2/synth/lab1_ob_axi_gpio_0_2.vhd:84]
Finished RTL Elaboration : Time (s): cpu = 00:00:04 ; elapsed = 00:00:04 . Memory (MB): peak = 1225.121 ; gain = 118.496 ; free physical = 8061 ; free virtual = 30968
Finished RTL Optimization Phase 1 : Time (s): cpu = 00:00:04 ; elapsed = 00:00:04 . Memory (MB): peak = 1225.121 ; gain = 118.496 ; free physical = 8119 ; free virtual = 31028
INFO: [Device 21-403] Loading part xc7z010clg400-1
Constraint Validation Runtime : Time (s): cpu = 00:00:00.02 ; elapsed = 00:00:00.01 . Memory (MB): peak = 1572.762 ; gain = 0.000 ; free physical = 7230 ; free virtual = 30179
Finished Constraint Validation : Time (s): cpu = 00:00:11 ; elapsed = 00:00:11 . Memory (MB): peak = 1572.762 ; gain = 466.137 ; free physical = 7412 ; free virtual = 30372
Finished Loading Part and Timing Information : Time (s): cpu = 00:00:11 ; elapsed = 00:00:11 . Memory (MB): peak = 1572.762 ; gain = 466.137 ; free physical = 7412 ; free virtual = 30372
Finished applying 'set_property' XDC Constraints : Time (s): cpu = 00:00:11 ; elapsed = 00:00:11 . Memory (MB): peak = 1572.762 ; gain = 466.137 ; free physical = 7413 ; free virtual = 30373
Finished RTL Optimization Phase 2 : Time (s): cpu = 00:00:11 ; elapsed = 00:00:11 . Memory (MB): peak = 1572.762 ; gain = 466.137 ; free physical = 7420 ; free virtual = 30380
Finished Cross Boundary and Area Optimization : Time (s): cpu = 00:00:11 ; elapsed = 00:00:11 . Memory (MB): peak = 1572.762 ; gain = 466.137 ; free physical = 7398 ; free virtual = 30358
Finished Applying XDC Timing Constraints : Time (s): cpu = 00:00:17 ; elapsed = 00:00:17 . Memory (MB): peak = 1572.762 ; gain = 466.137 ; free physical = 6913 ; free virtual = 29873
Finished Timing Optimization : Time (s): cpu = 00:00:17 ; elapsed = 00:00:17 . Memory (MB): peak = 1572.762 ; gain = 466.137 ; free physical = 6905 ; free virtual = 29864
Finished Technology Mapping : Time (s): cpu = 00:00:17 ; elapsed = 00:00:17 . Memory (MB): peak = 1572.762 ; gain = 466.137 ; free physical = 6886 ; free virtual = 29845
Finished IO Insertion : Time (s): cpu = 00:00:17 ; elapsed = 00:00:18 . Memory (MB): peak = 1572.762 ; gain = 466.137 ; free physical = 6908 ; free virtual = 29869
Finished Renaming Generated Instances : Time (s): cpu = 00:00:17 ; elapsed = 00:00:18 . Memory (MB): peak = 1572.762 ; gain = 466.137 ; free physical = 6908 ; free virtual = 29869
Finished Rebuilding User Hierarchy : Time (s): cpu = 00:00:17 ; elapsed = 00:00:18 . Memory (MB): peak = 1572.762 ; gain = 466.137 ; free physical = 6907 ; free virtual = 29867
Finished Renaming Generated Ports : Time (s): cpu = 00:00:17 ; elapsed = 00:00:18 . Memory (MB): peak = 1572.762 ; gain = 466.137 ; free physical = 6907 ; free virtual = 29867
Finished Handling Custom Attributes : Time (s): cpu = 00:00:17 ; elapsed = 00:00:18 . Memory (MB): peak = 1572.762 ; gain = 466.137 ; free physical = 6906 ; free virtual = 29866
Finished Renaming Generated Nets : Time (s): cpu = 00:00:17 ; elapsed = 00:00:18 . Memory (MB): peak = 1572.762 ; gain = 466.137 ; free physical = 6906 ; free virtual = 29866

Report Cell Usage: 
+------+-----+------+
|      |Cell |Count |
+------+-----+------+
|1     |LUT1 |     2|
|2     |LUT2 |     4|
|3     |LUT3 |     4|
|4     |LUT4 |     5|
|5     |LUT5 |    14|
|6     |LUT6 |    12|
|7     |FDRE |    33|
|8     |FDSE |     3|
+------+-----+------+
Finished Writing Synthesis Report : Time (s): cpu = 00:00:17 ; elapsed = 00:00:18 . Memory (MB): peak = 1572.762 ; gain = 466.137 ; free physical = 6905 ; free virtual = 29866
synth_design: Time (s): cpu = 00:00:18 ; elapsed = 00:00:18 . Memory (MB): peak = 1572.762 ; gain = 478.723 ; free physical = 7415 ; free virtual = 30379
