
*** Running vivado
    with args -log Lab1_sf_axi_gpio_0_2.vds -m64 -product Vivado -mode batch -messageDb vivado.pb -notrace -source Lab1_sf_axi_gpio_0_2.tcl


****** Vivado v2017.2 (64-bit)
  **** SW Build 1909853 on Thu Jun 15 18:39:10 MDT 2017
  **** IP Build 1909766 on Thu Jun 15 19:58:00 MDT 2017
    ** Copyright 1986-2017 Xilinx, Inc. All Rights Reserved.

source Lab1_sf_axi_gpio_0_2.tcl -notrace
Starting RTL Elaboration : Time (s): cpu = 00:00:05 ; elapsed = 00:00:06 . Memory (MB): peak = 1182.621 ; gain = 75.996 ; free physical = 5046 ; free virtual = 29551
INFO: [Synth 8-638] synthesizing module 'Lab1_sf_axi_gpio_0_2' [/home/ebrahim/vivado/Lab1/Lab1_sf/Lab1_sf.srcs/sources_1/bd/Lab1_sf/ip/Lab1_sf_axi_gpio_0_2/synth/Lab1_sf_axi_gpio_0_2.vhd:84]
INFO: [Synth 8-638] synthesizing module 'axi_gpio' [/home/ebrahim/vivado/Lab1/Lab1_sf/Lab1_sf.srcs/sources_1/bd/Lab1_sf/ipshared/cb07/hdl/axi_gpio_v2_0_vh_rfs.vhd:1257]
INFO: [Synth 8-638] synthesizing module 'axi_lite_ipif' [/home/ebrahim/vivado/Lab1/Lab1_sf/Lab1_sf.srcs/sources_1/bd/Lab1_sf/ipshared/0ba0/hdl/axi_lite_ipif_v3_0_vh_rfs.vhd:2948]
INFO: [Synth 8-638] synthesizing module 'slave_attachment' [/home/ebrahim/vivado/Lab1/Lab1_sf/Lab1_sf.srcs/sources_1/bd/Lab1_sf/ipshared/0ba0/hdl/axi_lite_ipif_v3_0_vh_rfs.vhd:2341]
INFO: [Synth 8-638] synthesizing module 'address_decoder' [/home/ebrahim/vivado/Lab1/Lab1_sf/Lab1_sf.srcs/sources_1/bd/Lab1_sf/ipshared/0ba0/hdl/axi_lite_ipif_v3_0_vh_rfs.vhd:1775]
INFO: [Synth 8-638] synthesizing module 'pselect_f' [/home/ebrahim/vivado/Lab1/Lab1_sf/Lab1_sf.srcs/sources_1/bd/Lab1_sf/ipshared/0ba0/hdl/axi_lite_ipif_v3_0_vh_rfs.vhd:1534]
INFO: [Synth 8-256] done synthesizing module 'pselect_f' (1#1) [/home/ebrahim/vivado/Lab1/Lab1_sf/Lab1_sf.srcs/sources_1/bd/Lab1_sf/ipshared/0ba0/hdl/axi_lite_ipif_v3_0_vh_rfs.vhd:1534]
INFO: [Synth 8-638] synthesizing module 'pselect_f__parameterized0' [/home/ebrahim/vivado/Lab1/Lab1_sf/Lab1_sf.srcs/sources_1/bd/Lab1_sf/ipshared/0ba0/hdl/axi_lite_ipif_v3_0_vh_rfs.vhd:1534]
INFO: [Synth 8-256] done synthesizing module 'pselect_f__parameterized0' (1#1) [/home/ebrahim/vivado/Lab1/Lab1_sf/Lab1_sf.srcs/sources_1/bd/Lab1_sf/ipshared/0ba0/hdl/axi_lite_ipif_v3_0_vh_rfs.vhd:1534]
INFO: [Synth 8-638] synthesizing module 'pselect_f__parameterized1' [/home/ebrahim/vivado/Lab1/Lab1_sf/Lab1_sf.srcs/sources_1/bd/Lab1_sf/ipshared/0ba0/hdl/axi_lite_ipif_v3_0_vh_rfs.vhd:1534]
INFO: [Synth 8-256] done synthesizing module 'pselect_f__parameterized1' (1#1) [/home/ebrahim/vivado/Lab1/Lab1_sf/Lab1_sf.srcs/sources_1/bd/Lab1_sf/ipshared/0ba0/hdl/axi_lite_ipif_v3_0_vh_rfs.vhd:1534]
INFO: [Synth 8-638] synthesizing module 'pselect_f__parameterized2' [/home/ebrahim/vivado/Lab1/Lab1_sf/Lab1_sf.srcs/sources_1/bd/Lab1_sf/ipshared/0ba0/hdl/axi_lite_ipif_v3_0_vh_rfs.vhd:1534]
INFO: [Synth 8-256] done synthesizing module 'pselect_f__parameterized2' (1#1) [/home/ebrahim/vivado/Lab1/Lab1_sf/Lab1_sf.srcs/sources_1/bd/Lab1_sf/ipshared/0ba0/hdl/axi_lite_ipif_v3_0_vh_rfs.vhd:1534]
INFO: [Synth 8-256] done synthesizing module 'address_decoder' (2#1) [/home/ebrahim/vivado/Lab1/Lab1_sf/Lab1_sf.srcs/sources_1/bd/Lab1_sf/ipshared/0ba0/hdl/axi_lite_ipif_v3_0_vh_rfs.vhd:1775]
INFO: [Synth 8-256] done synthesizing module 'slave_attachment' (3#1) [/home/ebrahim/vivado/Lab1/Lab1_sf/Lab1_sf.srcs/sources_1/bd/Lab1_sf/ipshared/0ba0/hdl/axi_lite_ipif_v3_0_vh_rfs.vhd:2341]
INFO: [Synth 8-256] done synthesizing module 'axi_lite_ipif' (4#1) [/home/ebrahim/vivado/Lab1/Lab1_sf/Lab1_sf.srcs/sources_1/bd/Lab1_sf/ipshared/0ba0/hdl/axi_lite_ipif_v3_0_vh_rfs.vhd:2948]
INFO: [Synth 8-638] synthesizing module 'GPIO_Core' [/home/ebrahim/vivado/Lab1/Lab1_sf/Lab1_sf.srcs/sources_1/bd/Lab1_sf/ipshared/cb07/hdl/axi_gpio_v2_0_vh_rfs.vhd:177]
INFO: [Synth 8-638] synthesizing module 'cdc_sync' [/home/ebrahim/vivado/Lab1/Lab1_sf/Lab1_sf.srcs/sources_1/bd/Lab1_sf/ipshared/52cb/hdl/lib_cdc_v1_0_rfs.vhd:106]
INFO: [Synth 8-256] done synthesizing module 'cdc_sync' (5#1) [/home/ebrahim/vivado/Lab1/Lab1_sf/Lab1_sf.srcs/sources_1/bd/Lab1_sf/ipshared/52cb/hdl/lib_cdc_v1_0_rfs.vhd:106]
INFO: [Synth 8-256] done synthesizing module 'GPIO_Core' (6#1) [/home/ebrahim/vivado/Lab1/Lab1_sf/Lab1_sf.srcs/sources_1/bd/Lab1_sf/ipshared/cb07/hdl/axi_gpio_v2_0_vh_rfs.vhd:177]
INFO: [Synth 8-256] done synthesizing module 'axi_gpio' (7#1) [/home/ebrahim/vivado/Lab1/Lab1_sf/Lab1_sf.srcs/sources_1/bd/Lab1_sf/ipshared/cb07/hdl/axi_gpio_v2_0_vh_rfs.vhd:1257]
INFO: [Synth 8-256] done synthesizing module 'Lab1_sf_axi_gpio_0_2' (8#1) [/home/ebrahim/vivado/Lab1/Lab1_sf/Lab1_sf.srcs/sources_1/bd/Lab1_sf/ip/Lab1_sf_axi_gpio_0_2/synth/Lab1_sf_axi_gpio_0_2.vhd:84]
Finished RTL Elaboration : Time (s): cpu = 00:00:07 ; elapsed = 00:00:07 . Memory (MB): peak = 1225.121 ; gain = 118.496 ; free physical = 4973 ; free virtual = 29479
Finished RTL Optimization Phase 1 : Time (s): cpu = 00:00:07 ; elapsed = 00:00:07 . Memory (MB): peak = 1225.121 ; gain = 118.496 ; free physical = 4970 ; free virtual = 29476
INFO: [Device 21-403] Loading part xc7z010clg400-1
Constraint Validation Runtime : Time (s): cpu = 00:00:00.02 ; elapsed = 00:00:00.02 . Memory (MB): peak = 1573.770 ; gain = 0.000 ; free physical = 4443 ; free virtual = 28950
Finished Constraint Validation : Time (s): cpu = 00:00:20 ; elapsed = 00:00:20 . Memory (MB): peak = 1573.770 ; gain = 467.145 ; free physical = 4817 ; free virtual = 29324
Finished Loading Part and Timing Information : Time (s): cpu = 00:00:20 ; elapsed = 00:00:20 . Memory (MB): peak = 1573.770 ; gain = 467.145 ; free physical = 4817 ; free virtual = 29324
Finished applying 'set_property' XDC Constraints : Time (s): cpu = 00:00:20 ; elapsed = 00:00:20 . Memory (MB): peak = 1573.770 ; gain = 467.145 ; free physical = 4818 ; free virtual = 29325
Finished RTL Optimization Phase 2 : Time (s): cpu = 00:00:20 ; elapsed = 00:00:20 . Memory (MB): peak = 1573.770 ; gain = 467.145 ; free physical = 4797 ; free virtual = 29304
Finished Cross Boundary and Area Optimization : Time (s): cpu = 00:00:20 ; elapsed = 00:00:21 . Memory (MB): peak = 1573.770 ; gain = 467.145 ; free physical = 4878 ; free virtual = 29385
Finished Applying XDC Timing Constraints : Time (s): cpu = 00:00:29 ; elapsed = 00:00:30 . Memory (MB): peak = 1573.770 ; gain = 467.145 ; free physical = 4636 ; free virtual = 29143
Finished Timing Optimization : Time (s): cpu = 00:00:29 ; elapsed = 00:00:30 . Memory (MB): peak = 1573.770 ; gain = 467.145 ; free physical = 4634 ; free virtual = 29141
Finished Technology Mapping : Time (s): cpu = 00:00:30 ; elapsed = 00:00:30 . Memory (MB): peak = 1573.770 ; gain = 467.145 ; free physical = 4633 ; free virtual = 29140
Finished IO Insertion : Time (s): cpu = 00:00:30 ; elapsed = 00:00:31 . Memory (MB): peak = 1573.770 ; gain = 467.145 ; free physical = 4624 ; free virtual = 29131
Finished Renaming Generated Instances : Time (s): cpu = 00:00:30 ; elapsed = 00:00:31 . Memory (MB): peak = 1573.770 ; gain = 467.145 ; free physical = 4624 ; free virtual = 29131
Finished Rebuilding User Hierarchy : Time (s): cpu = 00:00:30 ; elapsed = 00:00:31 . Memory (MB): peak = 1573.770 ; gain = 467.145 ; free physical = 4624 ; free virtual = 29131
Finished Renaming Generated Ports : Time (s): cpu = 00:00:30 ; elapsed = 00:00:31 . Memory (MB): peak = 1573.770 ; gain = 467.145 ; free physical = 4624 ; free virtual = 29131
Finished Handling Custom Attributes : Time (s): cpu = 00:00:30 ; elapsed = 00:00:31 . Memory (MB): peak = 1573.770 ; gain = 467.145 ; free physical = 4623 ; free virtual = 29130
Finished Renaming Generated Nets : Time (s): cpu = 00:00:30 ; elapsed = 00:00:31 . Memory (MB): peak = 1573.770 ; gain = 467.145 ; free physical = 4623 ; free virtual = 29130

Report Cell Usage: 
+------+-----+------+
|      |Cell |Count |
+------+-----+------+
|1     |LUT1 |     2|
|2     |LUT2 |     4|
|3     |LUT3 |     4|
|4     |LUT4 |     5|
|5     |LUT5 |    14|
|6     |LUT6 |    12|
|7     |FDRE |    33|
|8     |FDSE |     3|
+------+-----+------+
Finished Writing Synthesis Report : Time (s): cpu = 00:00:30 ; elapsed = 00:00:31 . Memory (MB): peak = 1573.770 ; gain = 467.145 ; free physical = 4623 ; free virtual = 29130
synth_design: Time (s): cpu = 00:00:32 ; elapsed = 00:00:32 . Memory (MB): peak = 1573.770 ; gain = 479.730 ; free physical = 4571 ; free virtual = 29078
