
*** Running vivado
    with args -log lab1_ob_xbar_0.vds -m64 -product Vivado -mode batch -messageDb vivado.pb -notrace -source lab1_ob_xbar_0.tcl


****** Vivado v2017.2 (64-bit)
  **** SW Build 1909853 on Thu Jun 15 18:39:10 MDT 2017
  **** IP Build 1909766 on Thu Jun 15 19:58:00 MDT 2017
    ** Copyright 1986-2017 Xilinx, Inc. All Rights Reserved.

source lab1_ob_xbar_0.tcl -notrace
Starting RTL Elaboration : Time (s): cpu = 00:00:04 ; elapsed = 00:00:04 . Memory (MB): peak = 1188.641 ; gain = 78.996 ; free physical = 7961 ; free virtual = 30903
INFO: [Synth 8-638] synthesizing module 'lab1_ob_xbar_0' [/home/ebrahim/vivado/Lab1/opcional1/Lab_ob/Lab_ob.srcs/sources_1/bd/lab1_ob/ip/lab1_ob_xbar_0/synth/lab1_ob_xbar_0.v:59]
INFO: [Synth 8-638] synthesizing module 'axi_crossbar_v2_1_14_axi_crossbar' [/home/ebrahim/vivado/Lab1/opcional1/Lab_ob/Lab_ob.srcs/sources_1/bd/lab1_ob/ipshared/f582/hdl/axi_crossbar_v2_1_vl_rfs.v:4882]
INFO: [Synth 8-638] synthesizing module 'axi_crossbar_v2_1_14_crossbar_sasd' [/home/ebrahim/vivado/Lab1/opcional1/Lab_ob/Lab_ob.srcs/sources_1/bd/lab1_ob/ipshared/f582/hdl/axi_crossbar_v2_1_vl_rfs.v:1240]
INFO: [Synth 8-638] synthesizing module 'axi_crossbar_v2_1_14_addr_decoder' [/home/ebrahim/vivado/Lab1/opcional1/Lab_ob/Lab_ob.srcs/sources_1/bd/lab1_ob/ipshared/f582/hdl/axi_crossbar_v2_1_vl_rfs.v:794]
INFO: [Synth 8-638] synthesizing module 'generic_baseblocks_v2_1_0_comparator_static' [/home/ebrahim/vivado/Lab1/opcional1/Lab_ob/Lab_ob.srcs/sources_1/bd/lab1_ob/ipshared/f9c1/hdl/generic_baseblocks_v2_1_vl_rfs.v:2133]
INFO: [Synth 8-638] synthesizing module 'generic_baseblocks_v2_1_0_carry_and' [/home/ebrahim/vivado/Lab1/opcional1/Lab_ob/Lab_ob.srcs/sources_1/bd/lab1_ob/ipshared/f9c1/hdl/generic_baseblocks_v2_1_vl_rfs.v:62]
INFO: [Synth 8-256] done synthesizing module 'generic_baseblocks_v2_1_0_carry_and' (1#1) [/home/ebrahim/vivado/Lab1/opcional1/Lab_ob/Lab_ob.srcs/sources_1/bd/lab1_ob/ipshared/f9c1/hdl/generic_baseblocks_v2_1_vl_rfs.v:62]
INFO: [Synth 8-256] done synthesizing module 'generic_baseblocks_v2_1_0_comparator_static' (2#1) [/home/ebrahim/vivado/Lab1/opcional1/Lab_ob/Lab_ob.srcs/sources_1/bd/lab1_ob/ipshared/f9c1/hdl/generic_baseblocks_v2_1_vl_rfs.v:2133]
INFO: [Synth 8-638] synthesizing module 'generic_baseblocks_v2_1_0_comparator_static__parameterized0' [/home/ebrahim/vivado/Lab1/opcional1/Lab_ob/Lab_ob.srcs/sources_1/bd/lab1_ob/ipshared/f9c1/hdl/generic_baseblocks_v2_1_vl_rfs.v:2133]
INFO: [Synth 8-256] done synthesizing module 'generic_baseblocks_v2_1_0_comparator_static__parameterized0' (2#1) [/home/ebrahim/vivado/Lab1/opcional1/Lab_ob/Lab_ob.srcs/sources_1/bd/lab1_ob/ipshared/f9c1/hdl/generic_baseblocks_v2_1_vl_rfs.v:2133]
INFO: [Synth 8-638] synthesizing module 'generic_baseblocks_v2_1_0_comparator_static__parameterized1' [/home/ebrahim/vivado/Lab1/opcional1/Lab_ob/Lab_ob.srcs/sources_1/bd/lab1_ob/ipshared/f9c1/hdl/generic_baseblocks_v2_1_vl_rfs.v:2133]
INFO: [Synth 8-256] done synthesizing module 'generic_baseblocks_v2_1_0_comparator_static__parameterized1' (2#1) [/home/ebrahim/vivado/Lab1/opcional1/Lab_ob/Lab_ob.srcs/sources_1/bd/lab1_ob/ipshared/f9c1/hdl/generic_baseblocks_v2_1_vl_rfs.v:2133]
INFO: [Synth 8-638] synthesizing module 'generic_baseblocks_v2_1_0_comparator_static__parameterized2' [/home/ebrahim/vivado/Lab1/opcional1/Lab_ob/Lab_ob.srcs/sources_1/bd/lab1_ob/ipshared/f9c1/hdl/generic_baseblocks_v2_1_vl_rfs.v:2133]
INFO: [Synth 8-256] done synthesizing module 'generic_baseblocks_v2_1_0_comparator_static__parameterized2' (2#1) [/home/ebrahim/vivado/Lab1/opcional1/Lab_ob/Lab_ob.srcs/sources_1/bd/lab1_ob/ipshared/f9c1/hdl/generic_baseblocks_v2_1_vl_rfs.v:2133]
INFO: [Synth 8-638] synthesizing module 'generic_baseblocks_v2_1_0_comparator_static__parameterized3' [/home/ebrahim/vivado/Lab1/opcional1/Lab_ob/Lab_ob.srcs/sources_1/bd/lab1_ob/ipshared/f9c1/hdl/generic_baseblocks_v2_1_vl_rfs.v:2133]
INFO: [Synth 8-256] done synthesizing module 'generic_baseblocks_v2_1_0_comparator_static__parameterized3' (2#1) [/home/ebrahim/vivado/Lab1/opcional1/Lab_ob/Lab_ob.srcs/sources_1/bd/lab1_ob/ipshared/f9c1/hdl/generic_baseblocks_v2_1_vl_rfs.v:2133]
INFO: [Synth 8-256] done synthesizing module 'axi_crossbar_v2_1_14_addr_decoder' (3#1) [/home/ebrahim/vivado/Lab1/opcional1/Lab_ob/Lab_ob.srcs/sources_1/bd/lab1_ob/ipshared/f582/hdl/axi_crossbar_v2_1_vl_rfs.v:794]
INFO: [Synth 8-638] synthesizing module 'axi_crossbar_v2_1_14_decerr_slave' [/home/ebrahim/vivado/Lab1/opcional1/Lab_ob/Lab_ob.srcs/sources_1/bd/lab1_ob/ipshared/f582/hdl/axi_crossbar_v2_1_vl_rfs.v:3500]
INFO: [Synth 8-256] done synthesizing module 'axi_crossbar_v2_1_14_decerr_slave' (4#1) [/home/ebrahim/vivado/Lab1/opcional1/Lab_ob/Lab_ob.srcs/sources_1/bd/lab1_ob/ipshared/f582/hdl/axi_crossbar_v2_1_vl_rfs.v:3500]
INFO: [Synth 8-638] synthesizing module 'axi_crossbar_v2_1_14_addr_arbiter_sasd' [/home/ebrahim/vivado/Lab1/opcional1/Lab_ob/Lab_ob.srcs/sources_1/bd/lab1_ob/ipshared/f582/hdl/axi_crossbar_v2_1_vl_rfs.v:65]
INFO: [Synth 8-256] done synthesizing module 'axi_crossbar_v2_1_14_addr_arbiter_sasd' (5#1) [/home/ebrahim/vivado/Lab1/opcional1/Lab_ob/Lab_ob.srcs/sources_1/bd/lab1_ob/ipshared/f582/hdl/axi_crossbar_v2_1_vl_rfs.v:65]
INFO: [Synth 8-638] synthesizing module 'axi_crossbar_v2_1_14_splitter' [/home/ebrahim/vivado/Lab1/opcional1/Lab_ob/Lab_ob.srcs/sources_1/bd/lab1_ob/ipshared/f582/hdl/axi_crossbar_v2_1_vl_rfs.v:4459]
INFO: [Synth 8-256] done synthesizing module 'axi_crossbar_v2_1_14_splitter' (6#1) [/home/ebrahim/vivado/Lab1/opcional1/Lab_ob/Lab_ob.srcs/sources_1/bd/lab1_ob/ipshared/f582/hdl/axi_crossbar_v2_1_vl_rfs.v:4459]
INFO: [Synth 8-638] synthesizing module 'axi_crossbar_v2_1_14_splitter__parameterized0' [/home/ebrahim/vivado/Lab1/opcional1/Lab_ob/Lab_ob.srcs/sources_1/bd/lab1_ob/ipshared/f582/hdl/axi_crossbar_v2_1_vl_rfs.v:4459]
INFO: [Synth 8-256] done synthesizing module 'axi_crossbar_v2_1_14_splitter__parameterized0' (6#1) [/home/ebrahim/vivado/Lab1/opcional1/Lab_ob/Lab_ob.srcs/sources_1/bd/lab1_ob/ipshared/f582/hdl/axi_crossbar_v2_1_vl_rfs.v:4459]
INFO: [Synth 8-638] synthesizing module 'generic_baseblocks_v2_1_0_mux_enc' [/home/ebrahim/vivado/Lab1/opcional1/Lab_ob/Lab_ob.srcs/sources_1/bd/lab1_ob/ipshared/f9c1/hdl/generic_baseblocks_v2_1_vl_rfs.v:2452]
INFO: [Synth 8-256] done synthesizing module 'generic_baseblocks_v2_1_0_mux_enc' (7#1) [/home/ebrahim/vivado/Lab1/opcional1/Lab_ob/Lab_ob.srcs/sources_1/bd/lab1_ob/ipshared/f9c1/hdl/generic_baseblocks_v2_1_vl_rfs.v:2452]
INFO: [Synth 8-638] synthesizing module 'generic_baseblocks_v2_1_0_mux_enc__parameterized0' [/home/ebrahim/vivado/Lab1/opcional1/Lab_ob/Lab_ob.srcs/sources_1/bd/lab1_ob/ipshared/f9c1/hdl/generic_baseblocks_v2_1_vl_rfs.v:2452]
INFO: [Synth 8-256] done synthesizing module 'generic_baseblocks_v2_1_0_mux_enc__parameterized0' (7#1) [/home/ebrahim/vivado/Lab1/opcional1/Lab_ob/Lab_ob.srcs/sources_1/bd/lab1_ob/ipshared/f9c1/hdl/generic_baseblocks_v2_1_vl_rfs.v:2452]
INFO: [Synth 8-638] synthesizing module 'generic_baseblocks_v2_1_0_mux_enc__parameterized1' [/home/ebrahim/vivado/Lab1/opcional1/Lab_ob/Lab_ob.srcs/sources_1/bd/lab1_ob/ipshared/f9c1/hdl/generic_baseblocks_v2_1_vl_rfs.v:2452]
INFO: [Synth 8-256] done synthesizing module 'generic_baseblocks_v2_1_0_mux_enc__parameterized1' (7#1) [/home/ebrahim/vivado/Lab1/opcional1/Lab_ob/Lab_ob.srcs/sources_1/bd/lab1_ob/ipshared/f9c1/hdl/generic_baseblocks_v2_1_vl_rfs.v:2452]
INFO: [Synth 8-638] synthesizing module 'axi_register_slice_v2_1_13_axic_register_slice' [/home/ebrahim/vivado/Lab1/opcional1/Lab_ob/Lab_ob.srcs/sources_1/bd/lab1_ob/ipshared/55c0/hdl/axi_register_slice_v2_1_vl_rfs.v:85]
INFO: [Synth 8-256] done synthesizing module 'axi_register_slice_v2_1_13_axic_register_slice' (8#1) [/home/ebrahim/vivado/Lab1/opcional1/Lab_ob/Lab_ob.srcs/sources_1/bd/lab1_ob/ipshared/55c0/hdl/axi_register_slice_v2_1_vl_rfs.v:85]
INFO: [Synth 8-638] synthesizing module 'generic_baseblocks_v2_1_0_mux_enc__parameterized2' [/home/ebrahim/vivado/Lab1/opcional1/Lab_ob/Lab_ob.srcs/sources_1/bd/lab1_ob/ipshared/f9c1/hdl/generic_baseblocks_v2_1_vl_rfs.v:2452]
INFO: [Synth 8-256] done synthesizing module 'generic_baseblocks_v2_1_0_mux_enc__parameterized2' (8#1) [/home/ebrahim/vivado/Lab1/opcional1/Lab_ob/Lab_ob.srcs/sources_1/bd/lab1_ob/ipshared/f9c1/hdl/generic_baseblocks_v2_1_vl_rfs.v:2452]
INFO: [Synth 8-256] done synthesizing module 'axi_crossbar_v2_1_14_crossbar_sasd' (9#1) [/home/ebrahim/vivado/Lab1/opcional1/Lab_ob/Lab_ob.srcs/sources_1/bd/lab1_ob/ipshared/f582/hdl/axi_crossbar_v2_1_vl_rfs.v:1240]
INFO: [Synth 8-256] done synthesizing module 'axi_crossbar_v2_1_14_axi_crossbar' (10#1) [/home/ebrahim/vivado/Lab1/opcional1/Lab_ob/Lab_ob.srcs/sources_1/bd/lab1_ob/ipshared/f582/hdl/axi_crossbar_v2_1_vl_rfs.v:4882]
INFO: [Synth 8-256] done synthesizing module 'lab1_ob_xbar_0' (11#1) [/home/ebrahim/vivado/Lab1/opcional1/Lab_ob/Lab_ob.srcs/sources_1/bd/lab1_ob/ip/lab1_ob_xbar_0/synth/lab1_ob_xbar_0.v:59]
Finished RTL Elaboration : Time (s): cpu = 00:00:06 ; elapsed = 00:00:07 . Memory (MB): peak = 1308.141 ; gain = 198.496 ; free physical = 7848 ; free virtual = 30791
Finished RTL Optimization Phase 1 : Time (s): cpu = 00:00:06 ; elapsed = 00:00:07 . Memory (MB): peak = 1308.141 ; gain = 198.496 ; free physical = 7846 ; free virtual = 30789
INFO: [Device 21-403] Loading part xc7z010clg400-1
Constraint Validation Runtime : Time (s): cpu = 00:00:00.04 ; elapsed = 00:00:00.02 . Memory (MB): peak = 1584.180 ; gain = 0.000 ; free physical = 7593 ; free virtual = 30535
Finished Constraint Validation : Time (s): cpu = 00:00:14 ; elapsed = 00:00:14 . Memory (MB): peak = 1584.180 ; gain = 474.535 ; free physical = 7620 ; free virtual = 30562
Finished Loading Part and Timing Information : Time (s): cpu = 00:00:14 ; elapsed = 00:00:14 . Memory (MB): peak = 1584.180 ; gain = 474.535 ; free physical = 7620 ; free virtual = 30562
Finished applying 'set_property' XDC Constraints : Time (s): cpu = 00:00:14 ; elapsed = 00:00:14 . Memory (MB): peak = 1584.180 ; gain = 474.535 ; free physical = 7622 ; free virtual = 30565
Finished RTL Optimization Phase 2 : Time (s): cpu = 00:00:14 ; elapsed = 00:00:14 . Memory (MB): peak = 1584.180 ; gain = 474.535 ; free physical = 7609 ; free virtual = 30552
Finished Cross Boundary and Area Optimization : Time (s): cpu = 00:00:14 ; elapsed = 00:00:15 . Memory (MB): peak = 1584.180 ; gain = 474.535 ; free physical = 7591 ; free virtual = 30534
Finished Applying XDC Timing Constraints : Time (s): cpu = 00:00:20 ; elapsed = 00:00:21 . Memory (MB): peak = 1584.180 ; gain = 474.535 ; free physical = 7400 ; free virtual = 30344
Finished Timing Optimization : Time (s): cpu = 00:00:21 ; elapsed = 00:00:21 . Memory (MB): peak = 1584.180 ; gain = 474.535 ; free physical = 7931 ; free virtual = 30875
Finished Technology Mapping : Time (s): cpu = 00:00:21 ; elapsed = 00:00:21 . Memory (MB): peak = 1584.180 ; gain = 474.535 ; free physical = 7931 ; free virtual = 30875
Finished IO Insertion : Time (s): cpu = 00:00:21 ; elapsed = 00:00:22 . Memory (MB): peak = 1584.180 ; gain = 474.535 ; free physical = 7920 ; free virtual = 30864
Finished Renaming Generated Instances : Time (s): cpu = 00:00:21 ; elapsed = 00:00:22 . Memory (MB): peak = 1584.180 ; gain = 474.535 ; free physical = 7920 ; free virtual = 30864
Finished Rebuilding User Hierarchy : Time (s): cpu = 00:00:21 ; elapsed = 00:00:22 . Memory (MB): peak = 1584.180 ; gain = 474.535 ; free physical = 7920 ; free virtual = 30865
Finished Renaming Generated Ports : Time (s): cpu = 00:00:21 ; elapsed = 00:00:22 . Memory (MB): peak = 1584.180 ; gain = 474.535 ; free physical = 7920 ; free virtual = 30865
Finished Handling Custom Attributes : Time (s): cpu = 00:00:21 ; elapsed = 00:00:22 . Memory (MB): peak = 1584.180 ; gain = 474.535 ; free physical = 7919 ; free virtual = 30863
Finished Renaming Generated Nets : Time (s): cpu = 00:00:21 ; elapsed = 00:00:22 . Memory (MB): peak = 1584.180 ; gain = 474.535 ; free physical = 7919 ; free virtual = 30863

Report Cell Usage: 
+------+-----+------+
|      |Cell |Count |
+------+-----+------+
|1     |LUT1 |     2|
|2     |LUT2 |    11|
|3     |LUT3 |    45|
|4     |LUT4 |    52|
|5     |LUT5 |    36|
|6     |LUT6 |    94|
|7     |FDRE |   134|
+------+-----+------+
Finished Writing Synthesis Report : Time (s): cpu = 00:00:21 ; elapsed = 00:00:22 . Memory (MB): peak = 1584.180 ; gain = 474.535 ; free physical = 7919 ; free virtual = 30863
synth_design: Time (s): cpu = 00:00:23 ; elapsed = 00:00:23 . Memory (MB): peak = 1585.188 ; gain = 488.129 ; free physical = 7903 ; free virtual = 30847
