
*** Running vivado
    with args -log Lab1_sf_axi_gpio_0_4.vds -m64 -product Vivado -mode batch -messageDb vivado.pb -notrace -source Lab1_sf_axi_gpio_0_4.tcl


****** Vivado v2017.2 (64-bit)
  **** SW Build 1909853 on Thu Jun 15 18:39:10 MDT 2017
  **** IP Build 1909766 on Thu Jun 15 19:58:00 MDT 2017
    ** Copyright 1986-2017 Xilinx, Inc. All Rights Reserved.

source Lab1_sf_axi_gpio_0_4.tcl -notrace
Starting RTL Elaboration : Time (s): cpu = 00:00:06 ; elapsed = 00:00:06 . Memory (MB): peak = 1182.621 ; gain = 75.996 ; free physical = 4612 ; free virtual = 29115
INFO: [Synth 8-638] synthesizing module 'Lab1_sf_axi_gpio_0_4' [/home/ebrahim/vivado/Lab1/Lab1_sf/Lab1_sf.srcs/sources_1/bd/Lab1_sf/ip/Lab1_sf_axi_gpio_0_4/synth/Lab1_sf_axi_gpio_0_4.vhd:84]
INFO: [Synth 8-638] synthesizing module 'axi_gpio' [/home/ebrahim/vivado/Lab1/Lab1_sf/Lab1_sf.srcs/sources_1/bd/Lab1_sf/ipshared/cb07/hdl/axi_gpio_v2_0_vh_rfs.vhd:1257]
INFO: [Synth 8-638] synthesizing module 'axi_lite_ipif' [/home/ebrahim/vivado/Lab1/Lab1_sf/Lab1_sf.srcs/sources_1/bd/Lab1_sf/ipshared/0ba0/hdl/axi_lite_ipif_v3_0_vh_rfs.vhd:2948]
INFO: [Synth 8-638] synthesizing module 'slave_attachment' [/home/ebrahim/vivado/Lab1/Lab1_sf/Lab1_sf.srcs/sources_1/bd/Lab1_sf/ipshared/0ba0/hdl/axi_lite_ipif_v3_0_vh_rfs.vhd:2341]
INFO: [Synth 8-638] synthesizing module 'address_decoder' [/home/ebrahim/vivado/Lab1/Lab1_sf/Lab1_sf.srcs/sources_1/bd/Lab1_sf/ipshared/0ba0/hdl/axi_lite_ipif_v3_0_vh_rfs.vhd:1775]
INFO: [Synth 8-638] synthesizing module 'pselect_f' [/home/ebrahim/vivado/Lab1/Lab1_sf/Lab1_sf.srcs/sources_1/bd/Lab1_sf/ipshared/0ba0/hdl/axi_lite_ipif_v3_0_vh_rfs.vhd:1534]
INFO: [Synth 8-256] done synthesizing module 'pselect_f' (1#1) [/home/ebrahim/vivado/Lab1/Lab1_sf/Lab1_sf.srcs/sources_1/bd/Lab1_sf/ipshared/0ba0/hdl/axi_lite_ipif_v3_0_vh_rfs.vhd:1534]
INFO: [Synth 8-638] synthesizing module 'pselect_f__parameterized0' [/home/ebrahim/vivado/Lab1/Lab1_sf/Lab1_sf.srcs/sources_1/bd/Lab1_sf/ipshared/0ba0/hdl/axi_lite_ipif_v3_0_vh_rfs.vhd:1534]
INFO: [Synth 8-256] done synthesizing module 'pselect_f__parameterized0' (1#1) [/home/ebrahim/vivado/Lab1/Lab1_sf/Lab1_sf.srcs/sources_1/bd/Lab1_sf/ipshared/0ba0/hdl/axi_lite_ipif_v3_0_vh_rfs.vhd:1534]
INFO: [Synth 8-638] synthesizing module 'pselect_f__parameterized1' [/home/ebrahim/vivado/Lab1/Lab1_sf/Lab1_sf.srcs/sources_1/bd/Lab1_sf/ipshared/0ba0/hdl/axi_lite_ipif_v3_0_vh_rfs.vhd:1534]
INFO: [Synth 8-256] done synthesizing module 'pselect_f__parameterized1' (1#1) [/home/ebrahim/vivado/Lab1/Lab1_sf/Lab1_sf.srcs/sources_1/bd/Lab1_sf/ipshared/0ba0/hdl/axi_lite_ipif_v3_0_vh_rfs.vhd:1534]
INFO: [Synth 8-638] synthesizing module 'pselect_f__parameterized2' [/home/ebrahim/vivado/Lab1/Lab1_sf/Lab1_sf.srcs/sources_1/bd/Lab1_sf/ipshared/0ba0/hdl/axi_lite_ipif_v3_0_vh_rfs.vhd:1534]
INFO: [Synth 8-256] done synthesizing module 'pselect_f__parameterized2' (1#1) [/home/ebrahim/vivado/Lab1/Lab1_sf/Lab1_sf.srcs/sources_1/bd/Lab1_sf/ipshared/0ba0/hdl/axi_lite_ipif_v3_0_vh_rfs.vhd:1534]
INFO: [Synth 8-256] done synthesizing module 'address_decoder' (2#1) [/home/ebrahim/vivado/Lab1/Lab1_sf/Lab1_sf.srcs/sources_1/bd/Lab1_sf/ipshared/0ba0/hdl/axi_lite_ipif_v3_0_vh_rfs.vhd:1775]
INFO: [Synth 8-256] done synthesizing module 'slave_attachment' (3#1) [/home/ebrahim/vivado/Lab1/Lab1_sf/Lab1_sf.srcs/sources_1/bd/Lab1_sf/ipshared/0ba0/hdl/axi_lite_ipif_v3_0_vh_rfs.vhd:2341]
INFO: [Synth 8-256] done synthesizing module 'axi_lite_ipif' (4#1) [/home/ebrahim/vivado/Lab1/Lab1_sf/Lab1_sf.srcs/sources_1/bd/Lab1_sf/ipshared/0ba0/hdl/axi_lite_ipif_v3_0_vh_rfs.vhd:2948]
INFO: [Synth 8-638] synthesizing module 'GPIO_Core' [/home/ebrahim/vivado/Lab1/Lab1_sf/Lab1_sf.srcs/sources_1/bd/Lab1_sf/ipshared/cb07/hdl/axi_gpio_v2_0_vh_rfs.vhd:177]
INFO: [Synth 8-638] synthesizing module 'cdc_sync' [/home/ebrahim/vivado/Lab1/Lab1_sf/Lab1_sf.srcs/sources_1/bd/Lab1_sf/ipshared/52cb/hdl/lib_cdc_v1_0_rfs.vhd:106]
INFO: [Synth 8-256] done synthesizing module 'cdc_sync' (5#1) [/home/ebrahim/vivado/Lab1/Lab1_sf/Lab1_sf.srcs/sources_1/bd/Lab1_sf/ipshared/52cb/hdl/lib_cdc_v1_0_rfs.vhd:106]
INFO: [Synth 8-256] done synthesizing module 'GPIO_Core' (6#1) [/home/ebrahim/vivado/Lab1/Lab1_sf/Lab1_sf.srcs/sources_1/bd/Lab1_sf/ipshared/cb07/hdl/axi_gpio_v2_0_vh_rfs.vhd:177]
INFO: [Synth 8-256] done synthesizing module 'axi_gpio' (7#1) [/home/ebrahim/vivado/Lab1/Lab1_sf/Lab1_sf.srcs/sources_1/bd/Lab1_sf/ipshared/cb07/hdl/axi_gpio_v2_0_vh_rfs.vhd:1257]
INFO: [Synth 8-256] done synthesizing module 'Lab1_sf_axi_gpio_0_4' (8#1) [/home/ebrahim/vivado/Lab1/Lab1_sf/Lab1_sf.srcs/sources_1/bd/Lab1_sf/ip/Lab1_sf_axi_gpio_0_4/synth/Lab1_sf_axi_gpio_0_4.vhd:84]
Finished RTL Elaboration : Time (s): cpu = 00:00:07 ; elapsed = 00:00:07 . Memory (MB): peak = 1225.121 ; gain = 118.496 ; free physical = 4594 ; free virtual = 29100
Finished RTL Optimization Phase 1 : Time (s): cpu = 00:00:07 ; elapsed = 00:00:07 . Memory (MB): peak = 1225.121 ; gain = 118.496 ; free physical = 4593 ; free virtual = 29096
INFO: [Device 21-403] Loading part xc7z010clg400-1
Constraint Validation Runtime : Time (s): cpu = 00:00:00.04 ; elapsed = 00:00:00.03 . Memory (MB): peak = 1573.770 ; gain = 0.000 ; free physical = 4837 ; free virtual = 29342
Finished Constraint Validation : Time (s): cpu = 00:00:22 ; elapsed = 00:00:23 . Memory (MB): peak = 1573.770 ; gain = 467.145 ; free physical = 4723 ; free virtual = 29228
Finished Loading Part and Timing Information : Time (s): cpu = 00:00:22 ; elapsed = 00:00:23 . Memory (MB): peak = 1573.770 ; gain = 467.145 ; free physical = 4716 ; free virtual = 29222
Finished applying 'set_property' XDC Constraints : Time (s): cpu = 00:00:22 ; elapsed = 00:00:23 . Memory (MB): peak = 1573.770 ; gain = 467.145 ; free physical = 4700 ; free virtual = 29205
Finished RTL Optimization Phase 2 : Time (s): cpu = 00:00:23 ; elapsed = 00:00:24 . Memory (MB): peak = 1573.770 ; gain = 467.145 ; free physical = 4721 ; free virtual = 29226
Finished Cross Boundary and Area Optimization : Time (s): cpu = 00:00:24 ; elapsed = 00:00:25 . Memory (MB): peak = 1573.770 ; gain = 467.145 ; free physical = 4700 ; free virtual = 29205
Finished Applying XDC Timing Constraints : Time (s): cpu = 00:00:38 ; elapsed = 00:00:40 . Memory (MB): peak = 1573.770 ; gain = 467.145 ; free physical = 5260 ; free virtual = 29765
Finished Timing Optimization : Time (s): cpu = 00:00:39 ; elapsed = 00:00:40 . Memory (MB): peak = 1573.770 ; gain = 467.145 ; free physical = 5253 ; free virtual = 29758
Finished Technology Mapping : Time (s): cpu = 00:00:39 ; elapsed = 00:00:40 . Memory (MB): peak = 1573.770 ; gain = 467.145 ; free physical = 5247 ; free virtual = 29752
Finished IO Insertion : Time (s): cpu = 00:00:40 ; elapsed = 00:00:41 . Memory (MB): peak = 1573.770 ; gain = 467.145 ; free physical = 5186 ; free virtual = 29691
Finished Renaming Generated Instances : Time (s): cpu = 00:00:40 ; elapsed = 00:00:41 . Memory (MB): peak = 1573.770 ; gain = 467.145 ; free physical = 5186 ; free virtual = 29691
Finished Rebuilding User Hierarchy : Time (s): cpu = 00:00:40 ; elapsed = 00:00:41 . Memory (MB): peak = 1573.770 ; gain = 467.145 ; free physical = 5192 ; free virtual = 29697
Finished Renaming Generated Ports : Time (s): cpu = 00:00:40 ; elapsed = 00:00:41 . Memory (MB): peak = 1573.770 ; gain = 467.145 ; free physical = 5191 ; free virtual = 29696
Finished Handling Custom Attributes : Time (s): cpu = 00:00:40 ; elapsed = 00:00:41 . Memory (MB): peak = 1573.770 ; gain = 467.145 ; free physical = 5192 ; free virtual = 29697
Finished Renaming Generated Nets : Time (s): cpu = 00:00:40 ; elapsed = 00:00:41 . Memory (MB): peak = 1573.770 ; gain = 467.145 ; free physical = 5192 ; free virtual = 29697

Report Cell Usage: 
+------+-----+------+
|      |Cell |Count |
+------+-----+------+
|1     |LUT1 |     2|
|2     |LUT2 |     5|
|3     |LUT3 |     4|
|4     |LUT4 |     8|
|5     |LUT5 |    11|
|6     |LUT6 |    11|
|7     |FDR  |    20|
|8     |FDRE |    46|
|9     |FDSE |     5|
+------+-----+------+
Finished Writing Synthesis Report : Time (s): cpu = 00:00:40 ; elapsed = 00:00:41 . Memory (MB): peak = 1573.770 ; gain = 467.145 ; free physical = 5191 ; free virtual = 29696
synth_design: Time (s): cpu = 00:00:42 ; elapsed = 00:00:43 . Memory (MB): peak = 1573.770 ; gain = 479.730 ; free physical = 5237 ; free virtual = 29743
